<?xml version="1.0" encoding="UTF-8"?>
<coverage generated="1733283575254" clover="3.2.0">
  <project timestamp="1733283575254" name="All files">
    <metrics statements="870" coveredstatements="661" conditionals="139" coveredconditionals="119" methods="63" coveredmethods="58" elements="1072" coveredelements="838" complexity="0" loc="870" ncloc="870" packages="2" files="9" classes="9"/>
    <package name="src">
      <metrics statements="4" coveredstatements="4" conditionals="1" coveredconditionals="1" methods="1" coveredmethods="1"/>
      <file name="index.ts" path="/Users/am/npm_packages/crystals-kyber-rustykey/src/index.ts">
        <metrics statements="4" coveredstatements="4" conditionals="1" coveredconditionals="1" methods="1" coveredmethods="1"/>
        <line num="1" count="1" type="cond" truecount="1" falsecount="0"/>
        <line num="2" count="3" type="stmt"/>
        <line num="3" count="3" type="stmt"/>
        <line num="5" count="1" type="stmt"/>
      </file>
    </package>
    <package name="src.mlKem">
      <metrics statements="866" coveredstatements="657" conditionals="138" coveredconditionals="118" methods="62" coveredmethods="57"/>
      <file name="consts.ts" path="/Users/am/npm_packages/crystals-kyber-rustykey/src/mlKem/consts.ts">
        <metrics statements="27" coveredstatements="27" conditionals="0" coveredconditionals="0" methods="0" coveredmethods="0"/>
        <line num="7" count="1" type="stmt"/>
        <line num="9" count="1" type="stmt"/>
        <line num="11" count="1" type="stmt"/>
        <line num="14" count="1" type="stmt"/>
        <line num="15" count="1" type="stmt"/>
        <line num="16" count="1" type="stmt"/>
        <line num="17" count="1" type="stmt"/>
        <line num="18" count="1" type="stmt"/>
        <line num="19" count="1" type="stmt"/>
        <line num="20" count="1" type="stmt"/>
        <line num="21" count="1" type="stmt"/>
        <line num="22" count="1" type="stmt"/>
        <line num="23" count="1" type="stmt"/>
        <line num="24" count="1" type="stmt"/>
        <line num="25" count="1" type="stmt"/>
        <line num="28" count="1" type="stmt"/>
        <line num="29" count="1" type="stmt"/>
        <line num="30" count="1" type="stmt"/>
        <line num="31" count="1" type="stmt"/>
        <line num="32" count="1" type="stmt"/>
        <line num="33" count="1" type="stmt"/>
        <line num="34" count="1" type="stmt"/>
        <line num="35" count="1" type="stmt"/>
        <line num="36" count="1" type="stmt"/>
        <line num="37" count="1" type="stmt"/>
        <line num="38" count="1" type="stmt"/>
        <line num="39" count="1" type="stmt"/>
      </file>
      <file name="deps.ts" path="/Users/am/npm_packages/crystals-kyber-rustykey/src/mlKem/deps.ts">
        <metrics statements="1" coveredstatements="1" conditionals="0" coveredconditionals="0" methods="0" coveredmethods="0"/>
        <line num="1" count="1" type="stmt"/>
      </file>
      <file name="errors.ts" path="/Users/am/npm_packages/crystals-kyber-rustykey/src/mlKem/errors.ts">
        <metrics statements="14" coveredstatements="3" conditionals="0" coveredconditionals="0" methods="1" coveredmethods="0"/>
        <line num="4" count="1" type="stmt"/>
        <line num="5" count="1" type="stmt"/>
        <line num="6" count="0" type="stmt"/>
        <line num="8" count="0" type="stmt"/>
        <line num="9" count="0" type="stmt"/>
        <line num="10" count="0" type="stmt"/>
        <line num="11" count="0" type="stmt"/>
        <line num="12" count="0" type="stmt"/>
        <line num="13" count="0" type="stmt"/>
        <line num="14" count="0" type="stmt"/>
        <line num="15" count="0" type="stmt"/>
        <line num="17" count="0" type="stmt"/>
        <line num="18" count="0" type="stmt"/>
        <line num="19" count="1" type="stmt"/>
      </file>
      <file name="mlKem1024.ts" path="/Users/am/npm_packages/crystals-kyber-rustykey/src/mlKem/mlKem1024.ts">
        <metrics statements="107" coveredstatements="0" conditionals="1" coveredconditionals="0" methods="1" coveredmethods="0"/>
        <line num="1" count="0" type="cond" truecount="0" falsecount="1"/>
        <line num="37" count="0" type="stmt"/>
        <line num="38" count="0" type="stmt"/>
        <line num="39" count="0" type="stmt"/>
        <line num="40" count="0" type="stmt"/>
        <line num="41" count="0" type="stmt"/>
        <line num="42" count="0" type="stmt"/>
        <line num="47" count="0" type="stmt"/>
        <line num="48" count="0" type="stmt"/>
        <line num="49" count="0" type="stmt"/>
        <line num="50" count="0" type="stmt"/>
        <line num="51" count="0" type="stmt"/>
        <line num="52" count="0" type="stmt"/>
        <line num="53" count="0" type="stmt"/>
        <line num="63" count="0" type="stmt"/>
        <line num="64" count="0" type="stmt"/>
        <line num="65" count="0" type="stmt"/>
        <line num="66" count="0" type="stmt"/>
        <line num="67" count="0" type="stmt"/>
        <line num="68" count="0" type="stmt"/>
        <line num="69" count="0" type="stmt"/>
        <line num="70" count="0" type="stmt"/>
        <line num="71" count="0" type="stmt"/>
        <line num="72" count="0" type="stmt"/>
        <line num="73" count="0" type="stmt"/>
        <line num="74" count="0" type="stmt"/>
        <line num="75" count="0" type="stmt"/>
        <line num="76" count="0" type="stmt"/>
        <line num="77" count="0" type="stmt"/>
        <line num="78" count="0" type="stmt"/>
        <line num="79" count="0" type="stmt"/>
        <line num="80" count="0" type="stmt"/>
        <line num="81" count="0" type="stmt"/>
        <line num="82" count="0" type="stmt"/>
        <line num="83" count="0" type="stmt"/>
        <line num="84" count="0" type="stmt"/>
        <line num="85" count="0" type="stmt"/>
        <line num="86" count="0" type="stmt"/>
        <line num="87" count="0" type="stmt"/>
        <line num="88" count="0" type="stmt"/>
        <line num="89" count="0" type="stmt"/>
        <line num="90" count="0" type="stmt"/>
        <line num="101" count="0" type="stmt"/>
        <line num="102" count="0" type="stmt"/>
        <line num="103" count="0" type="stmt"/>
        <line num="104" count="0" type="stmt"/>
        <line num="105" count="0" type="stmt"/>
        <line num="106" count="0" type="stmt"/>
        <line num="107" count="0" type="stmt"/>
        <line num="108" count="0" type="stmt"/>
        <line num="109" count="0" type="stmt"/>
        <line num="110" count="0" type="stmt"/>
        <line num="111" count="0" type="stmt"/>
        <line num="112" count="0" type="stmt"/>
        <line num="113" count="0" type="stmt"/>
        <line num="114" count="0" type="stmt"/>
        <line num="115" count="0" type="stmt"/>
        <line num="129" count="0" type="stmt"/>
        <line num="130" count="0" type="stmt"/>
        <line num="131" count="0" type="stmt"/>
        <line num="132" count="0" type="stmt"/>
        <line num="133" count="0" type="stmt"/>
        <line num="134" count="0" type="stmt"/>
        <line num="135" count="0" type="stmt"/>
        <line num="136" count="0" type="stmt"/>
        <line num="137" count="0" type="stmt"/>
        <line num="138" count="0" type="stmt"/>
        <line num="139" count="0" type="stmt"/>
        <line num="140" count="0" type="stmt"/>
        <line num="141" count="0" type="stmt"/>
        <line num="142" count="0" type="stmt"/>
        <line num="143" count="0" type="stmt"/>
        <line num="144" count="0" type="stmt"/>
        <line num="145" count="0" type="stmt"/>
        <line num="146" count="0" type="stmt"/>
        <line num="147" count="0" type="stmt"/>
        <line num="148" count="0" type="stmt"/>
        <line num="149" count="0" type="stmt"/>
        <line num="150" count="0" type="stmt"/>
        <line num="151" count="0" type="stmt"/>
        <line num="152" count="0" type="stmt"/>
        <line num="153" count="0" type="stmt"/>
        <line num="154" count="0" type="stmt"/>
        <line num="155" count="0" type="stmt"/>
        <line num="156" count="0" type="stmt"/>
        <line num="157" count="0" type="stmt"/>
        <line num="158" count="0" type="stmt"/>
        <line num="175" count="0" type="stmt"/>
        <line num="176" count="0" type="stmt"/>
        <line num="177" count="0" type="stmt"/>
        <line num="178" count="0" type="stmt"/>
        <line num="179" count="0" type="stmt"/>
        <line num="180" count="0" type="stmt"/>
        <line num="181" count="0" type="stmt"/>
        <line num="182" count="0" type="stmt"/>
        <line num="183" count="0" type="stmt"/>
        <line num="184" count="0" type="stmt"/>
        <line num="185" count="0" type="stmt"/>
        <line num="186" count="0" type="stmt"/>
        <line num="187" count="0" type="stmt"/>
        <line num="188" count="0" type="stmt"/>
        <line num="189" count="0" type="stmt"/>
        <line num="190" count="0" type="stmt"/>
        <line num="191" count="0" type="stmt"/>
        <line num="192" count="0" type="stmt"/>
        <line num="193" count="0" type="stmt"/>
        <line num="194" count="0" type="stmt"/>
      </file>
      <file name="mlKem512.ts" path="/Users/am/npm_packages/crystals-kyber-rustykey/src/mlKem/mlKem512.ts">
        <metrics statements="44" coveredstatements="44" conditionals="7" coveredconditionals="7" methods="4" coveredmethods="4"/>
        <line num="1" count="1" type="stmt"/>
        <line num="37" count="1" type="cond" truecount="1" falsecount="0"/>
        <line num="38" count="2" type="stmt"/>
        <line num="39" count="2" type="stmt"/>
        <line num="40" count="2" type="stmt"/>
        <line num="41" count="2" type="stmt"/>
        <line num="42" count="2" type="stmt"/>
        <line num="47" count="2" type="cond" truecount="1" falsecount="0"/>
        <line num="48" count="2" type="stmt"/>
        <line num="49" count="2" type="stmt"/>
        <line num="50" count="2" type="stmt"/>
        <line num="51" count="2" type="stmt"/>
        <line num="52" count="2" type="stmt"/>
        <line num="53" count="2" type="stmt"/>
        <line num="63" count="2" type="cond" truecount="1" falsecount="0"/>
        <line num="64" count="4" type="stmt"/>
        <line num="65" count="4" type="stmt"/>
        <line num="66" count="4" type="stmt"/>
        <line num="67" count="4" type="stmt"/>
        <line num="68" count="4" type="stmt"/>
        <line num="69" count="4" type="cond" truecount="1" falsecount="0"/>
        <line num="70" count="8" type="stmt"/>
        <line num="71" count="8" type="stmt"/>
        <line num="72" count="8" type="stmt"/>
        <line num="73" count="4" type="stmt"/>
        <line num="74" count="4" type="stmt"/>
        <line num="75" count="2" type="stmt"/>
        <line num="84" count="8" type="cond" truecount="1" falsecount="0"/>
        <line num="85" count="8" type="stmt"/>
        <line num="86" count="8" type="stmt"/>
        <line num="87" count="8" type="stmt"/>
        <line num="88" count="8" type="cond" truecount="1" falsecount="0"/>
        <line num="89" count="512" type="stmt"/>
        <line num="90" count="512" type="stmt"/>
        <line num="91" count="512" type="stmt"/>
        <line num="92" count="512" type="stmt"/>
        <line num="93" count="512" type="cond" truecount="1" falsecount="0"/>
        <line num="94" count="2048" type="stmt"/>
        <line num="95" count="2048" type="stmt"/>
        <line num="96" count="2048" type="stmt"/>
        <line num="97" count="2048" type="stmt"/>
        <line num="98" count="512" type="stmt"/>
        <line num="99" count="8" type="stmt"/>
        <line num="100" count="8" type="stmt"/>
      </file>
      <file name="mlKem768.ts" path="/Users/am/npm_packages/crystals-kyber-rustykey/src/mlKem/mlKem768.ts">
        <metrics statements="15" coveredstatements="0" conditionals="1" coveredconditionals="0" methods="1" coveredmethods="0"/>
        <line num="1" count="0" type="cond" truecount="0" falsecount="1"/>
        <line num="36" count="0" type="stmt"/>
        <line num="37" count="0" type="stmt"/>
        <line num="38" count="0" type="stmt"/>
        <line num="39" count="0" type="stmt"/>
        <line num="40" count="0" type="stmt"/>
        <line num="41" count="0" type="stmt"/>
        <line num="43" count="0" type="stmt"/>
        <line num="44" count="0" type="stmt"/>
        <line num="45" count="0" type="stmt"/>
        <line num="46" count="0" type="stmt"/>
        <line num="47" count="0" type="stmt"/>
        <line num="48" count="0" type="stmt"/>
        <line num="49" count="0" type="stmt"/>
        <line num="50" count="0" type="stmt"/>
      </file>
      <file name="mlKemBase.ts" path="/Users/am/npm_packages/crystals-kyber-rustykey/src/mlKem/mlKemBase.ts">
        <metrics statements="562" coveredstatements="512" conditionals="103" coveredconditionals="93" methods="43" coveredmethods="41"/>
        <line num="1" count="1" type="stmt"/>
        <line num="62" count="1" type="cond" truecount="1" falsecount="0"/>
        <line num="63" count="2" type="stmt"/>
        <line num="64" count="2" type="stmt"/>
        <line num="65" count="2" type="stmt"/>
        <line num="66" count="2" type="stmt"/>
        <line num="67" count="2" type="stmt"/>
        <line num="68" count="2" type="stmt"/>
        <line num="69" count="2" type="stmt"/>
        <line num="70" count="2" type="stmt"/>
        <line num="71" count="2" type="stmt"/>
        <line num="72" count="2" type="stmt"/>
        <line num="77" count="2" type="cond" truecount="1" falsecount="0"/>
        <line num="99" count="2" type="cond" truecount="1" falsecount="0"/>
        <line num="100" count="1" type="stmt"/>
        <line num="102" count="1" type="stmt"/>
        <line num="103" count="1" type="stmt"/>
        <line num="104" count="1" type="stmt"/>
        <line num="105" count="1" type="stmt"/>
        <line num="106" count="1" type="cond" truecount="0" falsecount="1"/>
        <line num="107" count="0" type="stmt"/>
        <line num="108" count="0" type="stmt"/>
        <line num="109" count="1" type="stmt"/>
        <line num="134" count="2" type="stmt"/>
        <line num="135" count="0" type="stmt"/>
        <line num="136" count="0" type="stmt"/>
        <line num="137" count="0" type="stmt"/>
        <line num="139" count="0" type="stmt"/>
        <line num="140" count="0" type="stmt"/>
        <line num="141" count="0" type="stmt"/>
        <line num="142" count="0" type="stmt"/>
        <line num="143" count="0" type="stmt"/>
        <line num="144" count="0" type="stmt"/>
        <line num="145" count="0" type="stmt"/>
        <line num="146" count="0" type="stmt"/>
        <line num="147" count="0" type="stmt"/>
        <line num="172" count="2" type="cond" truecount="1" falsecount="0"/>
        <line num="173" count="1" type="stmt"/>
        <line num="174" count="1" type="stmt"/>
        <line num="175" count="1" type="stmt"/>
        <line num="176" count="1" type="stmt"/>
        <line num="178" count="1" type="stmt"/>
        <line num="180" count="1" type="cond" truecount="0" falsecount="1"/>
        <line num="181" count="0" type="stmt"/>
        <line num="182" count="0" type="stmt"/>
        <line num="183" count="1" type="stmt"/>
        <line num="184" count="1" type="stmt"/>
        <line num="185" count="1" type="stmt"/>
        <line num="186" count="1" type="stmt"/>
        <line num="187" count="1" type="cond" truecount="0" falsecount="1"/>
        <line num="188" count="0" type="stmt"/>
        <line num="189" count="0" type="stmt"/>
        <line num="190" count="1" type="stmt"/>
        <line num="217" count="2" type="cond" truecount="1" falsecount="0"/>
        <line num="218" count="1" type="stmt"/>
        <line num="220" count="1" type="stmt"/>
        <line num="222" count="1" type="cond" truecount="0" falsecount="1"/>
        <line num="223" count="0" type="stmt"/>
        <line num="224" count="0" type="stmt"/>
        <line num="226" count="1" type="cond" truecount="0" falsecount="1"/>
        <line num="227" count="0" type="stmt"/>
        <line num="228" count="0" type="stmt"/>
        <line num="229" count="1" type="stmt"/>
        <line num="230" count="1" type="stmt"/>
        <line num="231" count="1" type="stmt"/>
        <line num="232" count="1" type="stmt"/>
        <line num="233" count="1" type="stmt"/>
        <line num="234" count="1" type="stmt"/>
        <line num="235" count="1" type="stmt"/>
        <line num="236" count="1" type="stmt"/>
        <line num="237" count="1" type="stmt"/>
        <line num="238" count="1" type="stmt"/>
        <line num="240" count="1" type="stmt"/>
        <line num="241" count="1" type="stmt"/>
        <line num="242" count="1" type="stmt"/>
        <line num="243" count="1" type="stmt"/>
        <line num="244" count="1" type="cond" truecount="0" falsecount="1"/>
        <line num="245" count="1" type="cond" truecount="0" falsecount="1"/>
        <line num="246" count="0" type="stmt"/>
        <line num="247" count="0" type="stmt"/>
        <line num="248" count="1" type="stmt"/>
        <line num="255" count="2" type="cond" truecount="1" falsecount="0"/>
        <line num="256" count="3" type="cond" truecount="1" falsecount="0"/>
        <line num="257" count="1" type="stmt"/>
        <line num="258" count="1" type="cond" truecount="1" falsecount="0"/>
        <line num="259" count="2" type="stmt"/>
        <line num="260" count="3" type="stmt"/>
        <line num="271" count="2" type="cond" truecount="1" falsecount="0"/>
        <line num="272" count="1" type="stmt"/>
        <line num="273" count="1" type="stmt"/>
        <line num="274" count="1" type="stmt"/>
        <line num="275" count="1" type="stmt"/>
        <line num="276" count="1" type="cond" truecount="0" falsecount="1"/>
        <line num="277" count="0" type="stmt"/>
        <line num="278" count="0" type="stmt"/>
        <line num="279" count="0" type="stmt"/>
        <line num="280" count="0" type="stmt"/>
        <line num="281" count="1" type="stmt"/>
        <line num="289" count="2" type="cond" truecount="1" falsecount="0"/>
        <line num="290" count="1" type="stmt"/>
        <line num="291" count="1" type="stmt"/>
        <line num="293" count="1" type="stmt"/>
        <line num="295" count="1" type="stmt"/>
        <line num="296" count="1" type="stmt"/>
        <line num="297" count="1" type="stmt"/>
        <line num="298" count="1" type="stmt"/>
        <line num="299" count="1" type="stmt"/>
        <line num="300" count="1" type="stmt"/>
        <line num="301" count="1" type="stmt"/>
        <line num="302" count="1" type="stmt"/>
        <line num="313" count="2" type="cond" truecount="1" falsecount="0"/>
        <line num="314" count="1" type="stmt"/>
        <line num="315" count="1" type="stmt"/>
        <line num="316" count="1" type="stmt"/>
        <line num="317" count="1" type="stmt"/>
        <line num="320" count="1" type="cond" truecount="1" falsecount="0"/>
        <line num="321" count="2" type="stmt"/>
        <line num="322" count="2" type="stmt"/>
        <line num="323" count="2" type="stmt"/>
        <line num="324" count="2" type="stmt"/>
        <line num="328" count="1" type="stmt"/>
        <line num="329" count="1" type="cond" truecount="1" falsecount="0"/>
        <line num="330" count="2" type="stmt"/>
        <line num="331" count="2" type="stmt"/>
        <line num="332" count="2" type="stmt"/>
        <line num="333" count="2" type="stmt"/>
        <line num="337" count="1" type="stmt"/>
        <line num="338" count="1" type="cond" truecount="1" falsecount="0"/>
        <line num="339" count="2" type="stmt"/>
        <line num="340" count="2" type="stmt"/>
        <line num="342" count="1" type="stmt"/>
        <line num="346" count="1" type="stmt"/>
        <line num="347" count="1" type="cond" truecount="1" falsecount="0"/>
        <line num="348" count="2" type="stmt"/>
        <line num="349" count="2" type="stmt"/>
        <line num="350" count="1" type="stmt"/>
        <line num="351" count="1" type="stmt"/>
        <line num="364" count="2" type="cond" truecount="1" falsecount="0"/>
        <line num="365" count="2" type="stmt"/>
        <line num="366" count="2" type="stmt"/>
        <line num="367" count="2" type="stmt"/>
        <line num="368" count="2" type="stmt"/>
        <line num="369" count="2" type="stmt"/>
        <line num="370" count="2" type="stmt"/>
        <line num="371" count="2" type="cond" truecount="1" falsecount="0"/>
        <line num="372" count="4" type="stmt"/>
        <line num="373" count="4" type="stmt"/>
        <line num="374" count="4" type="stmt"/>
        <line num="375" count="2" type="cond" truecount="0" falsecount="1"/>
        <line num="376" count="0" type="stmt"/>
        <line num="377" count="0" type="stmt"/>
        <line num="378" count="2" type="stmt"/>
        <line num="379" count="2" type="stmt"/>
        <line num="380" count="2" type="stmt"/>
        <line num="381" count="2" type="stmt"/>
        <line num="382" count="2" type="stmt"/>
        <line num="385" count="2" type="cond" truecount="1" falsecount="0"/>
        <line num="386" count="4" type="stmt"/>
        <line num="387" count="4" type="stmt"/>
        <line num="388" count="4" type="stmt"/>
        <line num="391" count="2" type="stmt"/>
        <line num="392" count="2" type="cond" truecount="1" falsecount="0"/>
        <line num="393" count="4" type="stmt"/>
        <line num="394" count="4" type="stmt"/>
        <line num="395" count="4" type="stmt"/>
        <line num="396" count="4" type="stmt"/>
        <line num="397" count="4" type="stmt"/>
        <line num="400" count="2" type="stmt"/>
        <line num="401" count="2" type="stmt"/>
        <line num="402" count="2" type="stmt"/>
        <line num="403" count="2" type="stmt"/>
        <line num="404" count="2" type="stmt"/>
        <line num="405" count="2" type="stmt"/>
        <line num="408" count="2" type="stmt"/>
        <line num="409" count="2" type="stmt"/>
        <line num="410" count="2" type="stmt"/>
        <line num="411" count="2" type="stmt"/>
        <line num="412" count="2" type="stmt"/>
        <line num="424" count="2" type="cond" truecount="1" falsecount="0"/>
        <line num="426" count="1" type="stmt"/>
        <line num="427" count="1" type="stmt"/>
        <line num="429" count="1" type="stmt"/>
        <line num="431" count="1" type="cond" truecount="1" falsecount="0"/>
        <line num="432" count="2" type="stmt"/>
        <line num="433" count="2" type="stmt"/>
        <line num="435" count="1" type="stmt"/>
        <line num="436" count="1" type="stmt"/>
        <line num="437" count="1" type="stmt"/>
        <line num="438" count="1" type="stmt"/>
        <line num="439" count="1" type="stmt"/>
        <line num="440" count="1" type="stmt"/>
        <line num="453" count="2" type="cond" truecount="1" falsecount="0"/>
        <line num="454" count="3" type="stmt"/>
        <line num="455" count="3" type="stmt"/>
        <line num="456" count="3" type="stmt"/>
        <line num="457" count="3" type="stmt"/>
        <line num="458" count="3" type="stmt"/>
        <line num="460" count="3" type="cond" truecount="1" falsecount="0"/>
        <line num="461" count="6" type="stmt"/>
        <line num="463" count="6" type="cond" truecount="1" falsecount="0"/>
        <line num="465" count="12" type="cond" truecount="1" falsecount="0"/>
        <line num="466" count="8" type="stmt"/>
        <line num="467" count="8" type="stmt"/>
        <line num="468" count="12" type="cond" truecount="1" falsecount="0"/>
        <line num="469" count="4" type="stmt"/>
        <line num="470" count="4" type="stmt"/>
        <line num="471" count="4" type="stmt"/>
        <line num="472" count="12" type="stmt"/>
        <line num="475" count="12" type="stmt"/>
        <line num="476" count="12" type="stmt"/>
        <line num="477" count="12" type="stmt"/>
        <line num="479" count="12" type="cond" truecount="0" falsecount="1"/>
        <line num="481" count="0" type="stmt"/>
        <line num="482" count="0" type="stmt"/>
        <line num="483" count="0" type="stmt"/>
        <line num="484" count="0" type="stmt"/>
        <line num="486" count="0" type="stmt"/>
        <line num="487" count="0" type="stmt"/>
        <line num="488" count="0" type="stmt"/>
        <line num="489" count="0" type="stmt"/>
        <line num="490" count="0" type="stmt"/>
        <line num="491" count="12" type="stmt"/>
        <line num="492" count="6" type="stmt"/>
        <line num="493" count="3" type="stmt"/>
        <line num="494" count="3" type="stmt"/>
        <line num="504" count="2" type="stmt"/>
        <line num="505" count="0" type="stmt"/>
        <line num="506" count="0" type="stmt"/>
        <line num="507" count="0" type="stmt"/>
        <line num="508" count="0" type="stmt"/>
        <line num="509" count="0" type="stmt"/>
        <line num="510" count="0" type="stmt"/>
        <line num="511" count="0" type="stmt"/>
        <line num="512" count="0" type="stmt"/>
        <line num="513" count="0" type="stmt"/>
        <line num="514" count="0" type="stmt"/>
        <line num="515" count="0" type="stmt"/>
        <line num="525" count="2" type="cond" truecount="1" falsecount="0"/>
        <line num="526" count="4" type="stmt"/>
        <line num="527" count="4" type="stmt"/>
        <line num="528" count="4" type="stmt"/>
        <line num="529" count="4" type="stmt"/>
        <line num="530" count="4" type="stmt"/>
        <line num="531" count="4" type="cond" truecount="1" falsecount="0"/>
        <line num="532" count="6" type="stmt"/>
        <line num="533" count="6" type="stmt"/>
        <line num="534" count="6" type="stmt"/>
        <line num="535" count="4" type="stmt"/>
        <line num="536" count="4" type="stmt"/>
        <line num="546" count="2" type="cond" truecount="1" falsecount="0"/>
        <line num="547" count="1" type="stmt"/>
        <line num="548" count="1" type="cond" truecount="1" falsecount="0"/>
        <line num="549" count="2" type="stmt"/>
        <line num="550" count="2" type="stmt"/>
        <line num="551" count="1" type="stmt"/>
        <line num="552" count="1" type="stmt"/>
        <line num="563" count="2" type="cond" truecount="1" falsecount="0"/>
        <line num="564" count="2" type="stmt"/>
        <line num="565" count="2" type="cond" truecount="1" falsecount="0"/>
        <line num="566" count="4" type="cond" truecount="1" falsecount="0"/>
        <line num="567" count="256" type="cond" truecount="1" falsecount="0"/>
        <line num="569" count="1024" type="stmt"/>
        <line num="570" count="1024" type="stmt"/>
        <line num="573" count="256" type="stmt"/>
        <line num="574" count="256" type="stmt"/>
        <line num="575" count="256" type="stmt"/>
        <line num="576" count="256" type="stmt"/>
        <line num="577" count="256" type="stmt"/>
        <line num="578" count="256" type="stmt"/>
        <line num="579" count="4" type="stmt"/>
        <line num="580" count="2" type="stmt"/>
        <line num="581" count="2" type="stmt"/>
        <line num="592" count="2" type="cond" truecount="1" falsecount="0"/>
        <line num="594" count="2" type="stmt"/>
        <line num="595" count="2" type="cond" truecount="1" falsecount="0"/>
        <line num="596" count="64" type="cond" truecount="1" falsecount="0"/>
        <line num="597" count="512" type="stmt"/>
        <line num="598" count="512" type="stmt"/>
        <line num="599" count="64" type="stmt"/>
        <line num="600" count="64" type="stmt"/>
        <line num="601" count="64" type="stmt"/>
        <line num="602" count="64" type="stmt"/>
        <line num="603" count="64" type="stmt"/>
        <line num="604" count="2" type="stmt"/>
        <line num="605" count="2" type="stmt"/>
        <line num="617" count="2" type="cond" truecount="1" falsecount="0"/>
        <line num="618" count="1" type="stmt"/>
        <line num="619" count="1" type="cond" truecount="1" falsecount="0"/>
        <line num="620" count="2" type="stmt"/>
        <line num="621" count="2" type="stmt"/>
        <line num="622" count="1" type="stmt"/>
        <line num="623" count="1" type="cond" truecount="1" falsecount="0"/>
        <line num="624" count="2" type="cond" truecount="1" falsecount="0"/>
        <line num="625" count="128" type="stmt"/>
        <line num="626" count="128" type="stmt"/>
        <line num="627" count="128" type="stmt"/>
        <line num="628" count="128" type="stmt"/>
        <line num="629" count="128" type="stmt"/>
        <line num="630" count="128" type="cond" truecount="1" falsecount="0"/>
        <line num="631" count="512" type="stmt"/>
        <line num="632" count="512" type="stmt"/>
        <line num="633" count="512" type="stmt"/>
        <line num="634" count="512" type="stmt"/>
        <line num="635" count="128" type="stmt"/>
        <line num="636" count="2" type="stmt"/>
        <line num="637" count="1" type="stmt"/>
        <line num="638" count="1" type="stmt"/>
        <line num="651" count="2" type="cond" truecount="1" falsecount="0"/>
        <line num="652" count="1" type="stmt"/>
        <line num="653" count="1" type="cond" truecount="1" falsecount="0"/>
        <line num="654" count="128" type="stmt"/>
        <line num="655" count="128" type="stmt"/>
        <line num="656" count="128" type="stmt"/>
        <line num="657" count="1" type="stmt"/>
        <line num="658" count="1" type="stmt"/>
        <line num="659" count="2" type="stmt"/>
        <line num="668" count="3" type="cond" truecount="1" falsecount="0"/>
        <line num="669" count="3" type="stmt"/>
        <line num="670" count="3" type="stmt"/>
        <line num="671" count="3" type="stmt"/>
        <line num="672" count="3" type="stmt"/>
        <line num="673" count="3" type="stmt"/>
        <line num="674" count="3" type="stmt"/>
        <line num="675" count="3" type="stmt"/>
        <line num="683" count="2" type="cond" truecount="1" falsecount="0"/>
        <line num="684" count="2" type="stmt"/>
        <line num="685" count="2" type="stmt"/>
        <line num="695" count="1" type="cond" truecount="1" falsecount="0"/>
        <line num="696" count="1" type="stmt"/>
        <line num="697" count="1" type="stmt"/>
        <line num="698" count="1" type="stmt"/>
        <line num="699" count="1" type="stmt"/>
        <line num="700" count="1" type="stmt"/>
        <line num="701" count="1" type="stmt"/>
        <line num="710" count="12" type="cond" truecount="1" falsecount="0"/>
        <line num="711" count="12" type="stmt"/>
        <line num="712" count="12" type="stmt"/>
        <line num="723" count="8" type="cond" truecount="1" falsecount="0"/>
        <line num="724" count="8" type="stmt"/>
        <line num="725" count="8" type="stmt"/>
        <line num="726" count="8" type="stmt"/>
        <line num="727" count="8" type="stmt"/>
        <line num="729" count="8" type="cond" truecount="1" falsecount="0"/>
        <line num="731" count="1024" type="stmt"/>
        <line num="732" count="1024" type="stmt"/>
        <line num="735" count="1024" type="stmt"/>
        <line num="736" count="1024" type="stmt"/>
        <line num="737" count="1024" type="stmt"/>
        <line num="738" count="1024" type="stmt"/>
        <line num="739" count="8" type="stmt"/>
        <line num="740" count="8" type="stmt"/>
        <line num="753" count="6" type="cond" truecount="1" falsecount="0"/>
        <line num="754" count="6" type="stmt"/>
        <line num="755" count="6" type="cond" truecount="1" falsecount="0"/>
        <line num="756" count="768" type="stmt"/>
        <line num="757" count="768" type="stmt"/>
        <line num="758" count="768" type="stmt"/>
        <line num="759" count="768" type="stmt"/>
        <line num="760" count="768" type="stmt"/>
        <line num="761" count="768" type="stmt"/>
        <line num="762" count="768" type="stmt"/>
        <line num="763" count="6" type="stmt"/>
        <line num="764" count="6" type="stmt"/>
        <line num="774" count="1" type="cond" truecount="1" falsecount="0"/>
        <line num="775" count="1" type="stmt"/>
        <line num="776" count="1" type="stmt"/>
        <line num="777" count="1" type="stmt"/>
        <line num="778" count="1" type="cond" truecount="1" falsecount="0"/>
        <line num="779" count="32" type="stmt"/>
        <line num="780" count="32" type="cond" truecount="1" falsecount="0"/>
        <line num="781" count="256" type="stmt"/>
        <line num="782" count="256" type="stmt"/>
        <line num="783" count="256" type="stmt"/>
        <line num="784" count="32" type="stmt"/>
        <line num="785" count="1" type="stmt"/>
        <line num="786" count="1" type="stmt"/>
        <line num="797" count="2" type="cond" truecount="1" falsecount="0"/>
        <line num="798" count="2" type="stmt"/>
        <line num="799" count="2" type="stmt"/>
        <line num="800" count="2" type="cond" truecount="1" falsecount="0"/>
        <line num="801" count="64" type="cond" truecount="1" falsecount="0"/>
        <line num="802" count="512" type="stmt"/>
        <line num="803" count="512" type="stmt"/>
        <line num="804" count="512" type="stmt"/>
        <line num="805" count="64" type="stmt"/>
        <line num="806" count="2" type="stmt"/>
        <line num="807" count="2" type="stmt"/>
        <line num="820" count="12" type="cond" truecount="1" falsecount="0"/>
        <line num="821" count="12" type="stmt"/>
        <line num="822" count="12" type="stmt"/>
        <line num="823" count="12" type="stmt"/>
        <line num="824" count="12" type="stmt"/>
        <line num="825" count="12" type="stmt"/>
        <line num="826" count="12" type="stmt"/>
        <line num="827" count="12" type="stmt"/>
        <line num="829" count="12" type="cond" truecount="2" falsecount="0"/>
        <line num="831" count="1881" type="stmt"/>
        <line num="832" count="1881" type="stmt"/>
        <line num="835" count="1881" type="stmt"/>
        <line num="838" count="1881" type="cond" truecount="1" falsecount="0"/>
        <line num="840" count="1509" type="stmt"/>
        <line num="842" count="1509" type="stmt"/>
        <line num="843" count="1509" type="stmt"/>
        <line num="844" count="1881" type="cond" truecount="2" falsecount="0"/>
        <line num="845" count="1563" type="stmt"/>
        <line num="846" count="1563" type="stmt"/>
        <line num="847" count="1563" type="stmt"/>
        <line num="848" count="1881" type="stmt"/>
        <line num="849" count="12" type="stmt"/>
        <line num="850" count="12" type="stmt"/>
        <line num="862" count="6" type="cond" truecount="1" falsecount="0"/>
        <line num="863" count="6" type="stmt"/>
        <line num="864" count="6" type="stmt"/>
        <line num="865" count="6" type="stmt"/>
        <line num="866" count="6" type="cond" truecount="1" falsecount="0"/>
        <line num="867" count="192" type="stmt"/>
        <line num="868" count="192" type="stmt"/>
        <line num="869" count="192" type="stmt"/>
        <line num="870" count="192" type="cond" truecount="1" falsecount="0"/>
        <line num="871" count="1536" type="stmt"/>
        <line num="872" count="1536" type="stmt"/>
        <line num="873" count="1536" type="stmt"/>
        <line num="874" count="1536" type="stmt"/>
        <line num="875" count="192" type="stmt"/>
        <line num="876" count="6" type="stmt"/>
        <line num="877" count="6" type="stmt"/>
        <line num="888" count="10" type="cond" truecount="1" falsecount="0"/>
        <line num="890" count="10" type="cond" truecount="1" falsecount="0"/>
        <line num="892" count="70" type="cond" truecount="1" falsecount="0"/>
        <line num="893" count="1270" type="stmt"/>
        <line num="894" count="1270" type="stmt"/>
        <line num="896" count="1270" type="cond" truecount="1" falsecount="0"/>
        <line num="898" count="8960" type="stmt"/>
        <line num="900" count="8960" type="stmt"/>
        <line num="902" count="8960" type="stmt"/>
        <line num="903" count="8960" type="stmt"/>
        <line num="904" count="1270" type="stmt"/>
        <line num="905" count="70" type="stmt"/>
        <line num="906" count="10" type="stmt"/>
        <line num="907" count="10" type="stmt"/>
        <line num="918" count="28544" type="cond" truecount="1" falsecount="0"/>
        <line num="919" count="28544" type="stmt"/>
        <line num="920" count="28544" type="stmt"/>
        <line num="930" count="24" type="cond" truecount="1" falsecount="0"/>
        <line num="931" count="24" type="cond" truecount="1" falsecount="0"/>
        <line num="932" count="6144" type="stmt"/>
        <line num="933" count="6144" type="stmt"/>
        <line num="934" count="24" type="stmt"/>
        <line num="935" count="24" type="stmt"/>
        <line num="947" count="12416" type="cond" truecount="1" falsecount="0"/>
        <line num="948" count="12416" type="stmt"/>
        <line num="949" count="12416" type="stmt"/>
        <line num="950" count="12416" type="stmt"/>
        <line num="951" count="12416" type="stmt"/>
        <line num="952" count="12416" type="stmt"/>
        <line num="962" count="29056" type="cond" truecount="1" falsecount="0"/>
        <line num="963" count="29056" type="stmt"/>
        <line num="964" count="29056" type="stmt"/>
        <line num="965" count="29056" type="stmt"/>
        <line num="966" count="29056" type="stmt"/>
        <line num="967" count="29056" type="stmt"/>
        <line num="968" count="29056" type="stmt"/>
        <line num="979" count="2" type="cond" truecount="1" falsecount="0"/>
        <line num="981" count="2" type="stmt"/>
        <line num="982" count="2" type="cond" truecount="1" falsecount="0"/>
        <line num="983" count="512" type="stmt"/>
        <line num="984" count="512" type="stmt"/>
        <line num="985" count="2" type="stmt"/>
        <line num="986" count="2" type="stmt"/>
        <line num="997" count="9" type="cond" truecount="1" falsecount="0"/>
        <line num="998" count="9" type="stmt"/>
        <line num="999" count="9" type="stmt"/>
        <line num="1000" count="9" type="stmt"/>
        <line num="1001" count="9" type="stmt"/>
        <line num="1002" count="9" type="stmt"/>
        <line num="1003" count="9" type="stmt"/>
        <line num="1004" count="9" type="stmt"/>
        <line num="1005" count="9" type="stmt"/>
        <line num="1006" count="9" type="stmt"/>
        <line num="1007" count="9" type="stmt"/>
        <line num="1008" count="9" type="stmt"/>
        <line num="1019" count="18" type="cond" truecount="1" falsecount="0"/>
        <line num="1020" count="18" type="stmt"/>
        <line num="1021" count="18" type="stmt"/>
        <line num="1022" count="18" type="stmt"/>
        <line num="1023" count="18" type="stmt"/>
        <line num="1024" count="18" type="cond" truecount="1" falsecount="0"/>
        <line num="1025" count="1152" type="stmt"/>
        <line num="1026" count="1152" type="stmt"/>
        <line num="1027" count="1152" type="stmt"/>
        <line num="1028" count="1152" type="stmt"/>
        <line num="1029" count="1152" type="stmt"/>
        <line num="1030" count="1152" type="stmt"/>
        <line num="1031" count="1152" type="stmt"/>
        <line num="1032" count="1152" type="stmt"/>
        <line num="1033" count="1152" type="stmt"/>
        <line num="1034" count="1152" type="stmt"/>
        <line num="1035" count="1152" type="stmt"/>
        <line num="1036" count="1152" type="stmt"/>
        <line num="1037" count="1152" type="stmt"/>
        <line num="1038" count="1152" type="stmt"/>
        <line num="1039" count="1152" type="stmt"/>
        <line num="1040" count="1152" type="stmt"/>
        <line num="1041" count="1152" type="stmt"/>
        <line num="1042" count="1152" type="stmt"/>
        <line num="1043" count="1152" type="stmt"/>
        <line num="1044" count="18" type="stmt"/>
        <line num="1045" count="18" type="stmt"/>
        <line num="1061" count="2304" type="cond" truecount="1" falsecount="0"/>
        <line num="1062" count="2304" type="stmt"/>
        <line num="1063" count="2304" type="stmt"/>
        <line num="1064" count="2304" type="stmt"/>
        <line num="1065" count="2304" type="stmt"/>
        <line num="1066" count="2304" type="stmt"/>
        <line num="1067" count="2304" type="stmt"/>
        <line num="1068" count="2304" type="stmt"/>
        <line num="1069" count="2304" type="stmt"/>
        <line num="1070" count="2304" type="stmt"/>
        <line num="1071" count="2304" type="stmt"/>
        <line num="1072" count="2304" type="stmt"/>
        <line num="1073" count="2304" type="stmt"/>
        <line num="1074" count="2304" type="stmt"/>
        <line num="1075" count="2304" type="stmt"/>
        <line num="1085" count="19" type="cond" truecount="1" falsecount="0"/>
        <line num="1086" count="19" type="stmt"/>
        <line num="1087" count="19" type="cond" truecount="1" falsecount="0"/>
        <line num="1088" count="4864" type="stmt"/>
        <line num="1089" count="4864" type="stmt"/>
        <line num="1090" count="19" type="stmt"/>
        <line num="1091" count="19" type="stmt"/>
        <line num="1102" count="1" type="cond" truecount="1" falsecount="0"/>
        <line num="1103" count="1" type="cond" truecount="1" falsecount="0"/>
        <line num="1104" count="256" type="stmt"/>
        <line num="1105" count="256" type="stmt"/>
        <line num="1106" count="1" type="stmt"/>
        <line num="1107" count="1" type="stmt"/>
        <line num="1119" count="7" type="cond" truecount="1" falsecount="0"/>
        <line num="1120" count="7" type="stmt"/>
        <line num="1121" count="7" type="cond" truecount="1" falsecount="0"/>
        <line num="1122" count="49" type="cond" truecount="1" falsecount="0"/>
        <line num="1123" count="889" type="stmt"/>
        <line num="1124" count="889" type="stmt"/>
        <line num="1125" count="889" type="cond" truecount="1" falsecount="0"/>
        <line num="1126" count="6272" type="stmt"/>
        <line num="1127" count="6272" type="stmt"/>
        <line num="1128" count="6272" type="stmt"/>
        <line num="1129" count="6272" type="stmt"/>
        <line num="1130" count="6272" type="stmt"/>
        <line num="1131" count="889" type="stmt"/>
        <line num="1132" count="49" type="stmt"/>
        <line num="1133" count="7" type="cond" truecount="1" falsecount="0"/>
        <line num="1134" count="1792" type="stmt"/>
        <line num="1135" count="1792" type="stmt"/>
        <line num="1136" count="7" type="stmt"/>
        <line num="1137" count="7" type="stmt"/>
        <line num="1151" count="9" type="cond" truecount="1" falsecount="0"/>
        <line num="1152" count="9" type="cond" truecount="1" falsecount="0"/>
        <line num="1153" count="2304" type="stmt"/>
        <line num="1157" count="2304" type="stmt"/>
        <line num="1158" count="2304" type="stmt"/>
        <line num="1159" count="9" type="stmt"/>
        <line num="1160" count="9" type="stmt"/>
      </file>
      <file name="utils.ts" path="/Users/am/npm_packages/crystals-kyber-rustykey/src/mlKem/utils.ts">
        <metrics statements="96" coveredstatements="70" conditionals="26" coveredconditionals="18" methods="12" coveredmethods="12"/>
        <line num="1" count="1" type="stmt"/>
        <line num="9" count="1" type="cond" truecount="1" falsecount="0"/>
        <line num="10" count="6144" type="stmt"/>
        <line num="11" count="6144" type="stmt"/>
        <line num="13" count="1" type="cond" truecount="1" falsecount="0"/>
        <line num="14" count="68608" type="stmt"/>
        <line num="15" count="68608" type="stmt"/>
        <line num="17" count="68608" type="cond" truecount="2" falsecount="0"/>
        <line num="18" count="40030" type="stmt"/>
        <line num="19" count="40030" type="cond" truecount="1" falsecount="0"/>
        <line num="20" count="68608" type="cond" truecount="1" falsecount="0"/>
        <line num="21" count="8743" type="stmt"/>
        <line num="22" count="8743" type="stmt"/>
        <line num="23" count="8743" type="stmt"/>
        <line num="24" count="8743" type="cond" truecount="1" falsecount="0"/>
        <line num="26" count="19835" type="stmt"/>
        <line num="27" count="19835" type="stmt"/>
        <line num="28" count="19835" type="stmt"/>
        <line num="29" count="19835" type="stmt"/>
        <line num="31" count="1" type="cond" truecount="1" falsecount="0"/>
        <line num="32" count="14948" type="stmt"/>
        <line num="33" count="14948" type="stmt"/>
        <line num="35" count="1" type="cond" truecount="1" falsecount="0"/>
        <line num="36" count="30080" type="stmt"/>
        <line num="37" count="30080" type="stmt"/>
        <line num="39" count="30080" type="stmt"/>
        <line num="40" count="30080" type="stmt"/>
        <line num="41" count="30080" type="cond" truecount="0" falsecount="1"/>
        <line num="42" count="0" type="stmt"/>
        <line num="43" count="0" type="stmt"/>
        <line num="44" count="0" type="stmt"/>
        <line num="45" count="0" type="stmt"/>
        <line num="46" count="0" type="stmt"/>
        <line num="48" count="0" type="stmt"/>
        <line num="49" count="0" type="stmt"/>
        <line num="50" count="0" type="stmt"/>
        <line num="51" count="0" type="stmt"/>
        <line num="55" count="1" type="cond" truecount="1" falsecount="0"/>
        <line num="56" count="3520" type="stmt"/>
        <line num="57" count="3520" type="stmt"/>
        <line num="63" count="1" type="cond" truecount="1" falsecount="0"/>
        <line num="65" count="1" type="cond" truecount="0" falsecount="1"/>
        <line num="66" count="1" type="stmt"/>
        <line num="67" count="1" type="cond" truecount="1" falsecount="0"/>
        <line num="68" count="1" type="cond" truecount="0" falsecount="2"/>
        <line num="69" count="1" type="stmt"/>
        <line num="70" count="1" type="cond" truecount="0" falsecount="1"/>
        <line num="71" count="0" type="stmt"/>
        <line num="73" count="0" type="stmt"/>
        <line num="75" count="0" type="stmt"/>
        <line num="76" count="0" type="stmt"/>
        <line num="77" count="0" type="stmt"/>
        <line num="79" count="0" type="stmt"/>
        <line num="80" count="0" type="stmt"/>
        <line num="81" count="0" type="stmt"/>
        <line num="82" count="0" type="stmt"/>
        <line num="83" count="0" type="stmt"/>
        <line num="87" count="0" type="stmt"/>
        <line num="89" count="1" type="cond" truecount="1" falsecount="0"/>
        <line num="90" count="2" type="cond" truecount="0" falsecount="1"/>
        <line num="91" count="0" type="stmt"/>
        <line num="92" count="0" type="stmt"/>
        <line num="93" count="2" type="cond" truecount="1" falsecount="0"/>
        <line num="94" count="1536" type="cond" truecount="0" falsecount="1"/>
        <line num="95" count="0" type="stmt"/>
        <line num="96" count="0" type="stmt"/>
        <line num="97" count="1536" type="stmt"/>
        <line num="98" count="2" type="stmt"/>
        <line num="99" count="2" type="stmt"/>
        <line num="101" count="2" type="cond" truecount="1" falsecount="0"/>
        <line num="102" count="2" type="stmt"/>
        <line num="104" count="2" type="stmt"/>
        <line num="105" count="2" type="cond" truecount="0" falsecount="1"/>
        <line num="106" count="0" type="stmt"/>
        <line num="107" count="0" type="stmt"/>
        <line num="111" count="2" type="stmt"/>
        <line num="134" count="1" type="cond" truecount="1" falsecount="0"/>
        <line num="135" count="14" type="stmt"/>
        <line num="136" count="14" type="stmt"/>
        <line num="137" count="14" type="stmt"/>
        <line num="138" count="14" type="stmt"/>
        <line num="139" count="14" type="stmt"/>
        <line num="140" count="14" type="stmt"/>
        <line num="143" count="1" type="cond" truecount="1" falsecount="0"/>
        <line num="145" count="512" type="stmt"/>
        <line num="146" count="512" type="stmt"/>
        <line num="147" count="512" type="stmt"/>
        <line num="148" count="512" type="stmt"/>
        <line num="151" count="512" type="stmt"/>
        <line num="155" count="1" type="cond" truecount="1" falsecount="0"/>
        <line num="157" count="192" type="stmt"/>
        <line num="158" count="192" type="stmt"/>
        <line num="159" count="192" type="stmt"/>
        <line num="160" count="192" type="stmt"/>
        <line num="161" count="192" type="stmt"/>
        <line num="164" count="192" type="stmt"/>
      </file>
    </package>
  </project>
</coverage>
