{"/Users/am/npm_packages/crystals-kyber-rustykey/src/index.ts": {"path":"/Users/am/npm_packages/crystals-kyber-rustykey/src/index.ts","all":false,"statementMap":{"0":{"start":{"line":1,"column":0},"end":{"line":1,"column":46}},"1":{"start":{"line":2,"column":0},"end":{"line":2,"column":14}},"2":{"start":{"line":3,"column":0},"end":{"line":3,"column":1}},"4":{"start":{"line":5,"column":0},"end":{"line":5,"column":19}}},"s":{"0":1,"1":3,"2":3,"4":1},"branchMap":{"0":{"type":"branch","line":1,"loc":{"start":{"line":1,"column":19},"end":{"line":3,"column":1}},"locations":[{"start":{"line":1,"column":19},"end":{"line":3,"column":1}}]}},"b":{"0":[3]},"fnMap":{"0":{"name":"add","decl":{"start":{"line":1,"column":19},"end":{"line":3,"column":1}},"loc":{"start":{"line":1,"column":19},"end":{"line":3,"column":1}},"line":1}},"f":{"0":3}}
,"/Users/am/npm_packages/crystals-kyber-rustykey/src/mlKem/consts.ts": {"path":"/Users/am/npm_packages/crystals-kyber-rustykey/src/mlKem/consts.ts","all":false,"statementMap":{"6":{"start":{"line":7,"column":0},"end":{"line":7,"column":20}},"8":{"start":{"line":9,"column":0},"end":{"line":9,"column":21}},"10":{"start":{"line":11,"column":0},"end":{"line":11,"column":26}},"13":{"start":{"line":14,"column":0},"end":{"line":14,"column":26}},"14":{"start":{"line":15,"column":0},"end":{"line":15,"column":80}},"15":{"start":{"line":16,"column":0},"end":{"line":16,"column":80}},"16":{"start":{"line":17,"column":0},"end":{"line":17,"column":76}},"17":{"start":{"line":18,"column":0},"end":{"line":18,"column":76}},"18":{"start":{"line":19,"column":0},"end":{"line":19,"column":79}},"19":{"start":{"line":20,"column":0},"end":{"line":20,"column":79}},"20":{"start":{"line":21,"column":0},"end":{"line":21,"column":75}},"21":{"start":{"line":22,"column":0},"end":{"line":22,"column":75}},"22":{"start":{"line":23,"column":0},"end":{"line":23,"column":76}},"23":{"start":{"line":24,"column":0},"end":{"line":24,"column":40}},"24":{"start":{"line":25,"column":0},"end":{"line":25,"column":1}},"27":{"start":{"line":28,"column":0},"end":{"line":28,"column":30}},"28":{"start":{"line":29,"column":0},"end":{"line":29,"column":75}},"29":{"start":{"line":30,"column":0},"end":{"line":30,"column":77}},"30":{"start":{"line":31,"column":0},"end":{"line":31,"column":75}},"31":{"start":{"line":32,"column":0},"end":{"line":32,"column":78}},"32":{"start":{"line":33,"column":0},"end":{"line":33,"column":79}},"33":{"start":{"line":34,"column":0},"end":{"line":34,"column":77}},"34":{"start":{"line":35,"column":0},"end":{"line":35,"column":78}},"35":{"start":{"line":36,"column":0},"end":{"line":36,"column":76}},"36":{"start":{"line":37,"column":0},"end":{"line":37,"column":77}},"37":{"start":{"line":38,"column":0},"end":{"line":38,"column":47}},"38":{"start":{"line":39,"column":0},"end":{"line":39,"column":1}}},"s":{"6":1,"8":1,"10":1,"13":1,"14":1,"15":1,"16":1,"17":1,"18":1,"19":1,"20":1,"21":1,"22":1,"23":1,"24":1,"27":1,"28":1,"29":1,"30":1,"31":1,"32":1,"33":1,"34":1,"35":1,"36":1,"37":1,"38":1},"branchMap":{},"b":{},"fnMap":{},"f":{}}
,"/Users/am/npm_packages/crystals-kyber-rustykey/src/mlKem/deps.ts": {"path":"/Users/am/npm_packages/crystals-kyber-rustykey/src/mlKem/deps.ts","all":false,"statementMap":{"0":{"start":{"line":1,"column":0},"end":{"line":1,"column":75}}},"s":{"0":1},"branchMap":{},"b":{},"fnMap":{},"f":{}}
,"/Users/am/npm_packages/crystals-kyber-rustykey/src/mlKem/errors.ts": {"path":"/Users/am/npm_packages/crystals-kyber-rustykey/src/mlKem/errors.ts","all":false,"statementMap":{"3":{"start":{"line":4,"column":0},"end":{"line":4,"column":39}},"4":{"start":{"line":5,"column":0},"end":{"line":5,"column":34}},"5":{"start":{"line":6,"column":0},"end":{"line":6,"column":23}},"7":{"start":{"line":8,"column":0},"end":{"line":8,"column":29}},"8":{"start":{"line":9,"column":0},"end":{"line":9,"column":25}},"9":{"start":{"line":10,"column":0},"end":{"line":10,"column":39}},"10":{"start":{"line":11,"column":0},"end":{"line":11,"column":17}},"11":{"start":{"line":12,"column":0},"end":{"line":12,"column":12}},"12":{"start":{"line":13,"column":0},"end":{"line":13,"column":18}},"13":{"start":{"line":14,"column":0},"end":{"line":14,"column":5}},"14":{"start":{"line":15,"column":0},"end":{"line":15,"column":18}},"16":{"start":{"line":17,"column":0},"end":{"line":17,"column":37}},"17":{"start":{"line":18,"column":0},"end":{"line":18,"column":3}},"18":{"start":{"line":19,"column":0},"end":{"line":19,"column":1}}},"s":{"3":1,"4":1,"5":0,"7":0,"8":0,"9":0,"10":0,"11":0,"12":0,"13":0,"14":0,"16":0,"17":0,"18":1},"branchMap":{},"b":{},"fnMap":{"0":{"name":"MlKemError","decl":{"start":{"line":5,"column":9},"end":{"line":18,"column":3}},"loc":{"start":{"line":5,"column":9},"end":{"line":18,"column":3}},"line":5}},"f":{"0":0}}
,"/Users/am/npm_packages/crystals-kyber-rustykey/src/mlKem/mlKem1024.ts": {"path":"/Users/am/npm_packages/crystals-kyber-rustykey/src/mlKem/mlKem1024.ts","all":true,"statementMap":{"0":{"start":{"line":1,"column":0},"end":{"line":1,"column":3}},"36":{"start":{"line":37,"column":0},"end":{"line":37,"column":42}},"37":{"start":{"line":38,"column":0},"end":{"line":38,"column":17}},"38":{"start":{"line":39,"column":0},"end":{"line":39,"column":19}},"39":{"start":{"line":40,"column":0},"end":{"line":40,"column":18}},"40":{"start":{"line":41,"column":0},"end":{"line":41,"column":20}},"41":{"start":{"line":42,"column":0},"end":{"line":42,"column":20}},"46":{"start":{"line":47,"column":0},"end":{"line":47,"column":17}},"47":{"start":{"line":48,"column":0},"end":{"line":48,"column":11}},"48":{"start":{"line":49,"column":0},"end":{"line":49,"column":41}},"49":{"start":{"line":50,"column":0},"end":{"line":50,"column":36}},"50":{"start":{"line":51,"column":0},"end":{"line":51,"column":56}},"51":{"start":{"line":52,"column":0},"end":{"line":52,"column":46}},"52":{"start":{"line":53,"column":0},"end":{"line":53,"column":3}},"62":{"start":{"line":63,"column":0},"end":{"line":63,"column":32}},"63":{"start":{"line":64,"column":0},"end":{"line":64,"column":18}},"64":{"start":{"line":65,"column":0},"end":{"line":65,"column":27}},"65":{"start":{"line":66,"column":0},"end":{"line":66,"column":17}},"66":{"start":{"line":67,"column":0},"end":{"line":67,"column":34}},"67":{"start":{"line":68,"column":0},"end":{"line":68,"column":47}},"68":{"start":{"line":69,"column":0},"end":{"line":69,"column":39}},"69":{"start":{"line":70,"column":0},"end":{"line":70,"column":37}},"70":{"start":{"line":71,"column":0},"end":{"line":71,"column":24}},"71":{"start":{"line":72,"column":0},"end":{"line":72,"column":77}},"72":{"start":{"line":73,"column":0},"end":{"line":73,"column":19}},"73":{"start":{"line":74,"column":0},"end":{"line":74,"column":11}},"74":{"start":{"line":75,"column":0},"end":{"line":75,"column":9}},"75":{"start":{"line":76,"column":0},"end":{"line":76,"column":33}},"76":{"start":{"line":77,"column":0},"end":{"line":77,"column":49}},"77":{"start":{"line":78,"column":0},"end":{"line":78,"column":49}},"78":{"start":{"line":79,"column":0},"end":{"line":79,"column":33}},"79":{"start":{"line":80,"column":0},"end":{"line":80,"column":50}},"80":{"start":{"line":81,"column":0},"end":{"line":81,"column":49}},"81":{"start":{"line":82,"column":0},"end":{"line":82,"column":49}},"82":{"start":{"line":83,"column":0},"end":{"line":83,"column":33}},"83":{"start":{"line":84,"column":0},"end":{"line":84,"column":49}},"84":{"start":{"line":85,"column":0},"end":{"line":85,"column":49}},"85":{"start":{"line":86,"column":0},"end":{"line":86,"column":33}},"86":{"start":{"line":87,"column":0},"end":{"line":87,"column":7}},"87":{"start":{"line":88,"column":0},"end":{"line":88,"column":5}},"88":{"start":{"line":89,"column":0},"end":{"line":89,"column":12}},"89":{"start":{"line":90,"column":0},"end":{"line":90,"column":3}},"100":{"start":{"line":101,"column":0},"end":{"line":101,"column":78}},"101":{"start":{"line":102,"column":0},"end":{"line":102,"column":31}},"102":{"start":{"line":103,"column":0},"end":{"line":103,"column":45}},"103":{"start":{"line":104,"column":0},"end":{"line":104,"column":35}},"104":{"start":{"line":105,"column":0},"end":{"line":105,"column":14}},"105":{"start":{"line":106,"column":0},"end":{"line":106,"column":78}},"106":{"start":{"line":107,"column":0},"end":{"line":107,"column":7}},"107":{"start":{"line":108,"column":0},"end":{"line":108,"column":47}},"108":{"start":{"line":109,"column":0},"end":{"line":109,"column":61}},"109":{"start":{"line":110,"column":0},"end":{"line":110,"column":47}},"110":{"start":{"line":111,"column":0},"end":{"line":111,"column":61}},"111":{"start":{"line":112,"column":0},"end":{"line":112,"column":47}},"112":{"start":{"line":113,"column":0},"end":{"line":113,"column":5}},"113":{"start":{"line":114,"column":0},"end":{"line":114,"column":12}},"114":{"start":{"line":115,"column":0},"end":{"line":115,"column":3}},"128":{"start":{"line":129,"column":0},"end":{"line":129,"column":72}},"129":{"start":{"line":130,"column":0},"end":{"line":130,"column":47}},"130":{"start":{"line":131,"column":0},"end":{"line":131,"column":39}},"131":{"start":{"line":132,"column":0},"end":{"line":132,"column":35}},"132":{"start":{"line":133,"column":0},"end":{"line":133,"column":5}},"133":{"start":{"line":134,"column":0},"end":{"line":134,"column":34}},"134":{"start":{"line":135,"column":0},"end":{"line":135,"column":47}},"135":{"start":{"line":136,"column":0},"end":{"line":136,"column":39}},"136":{"start":{"line":137,"column":0},"end":{"line":137,"column":66}},"137":{"start":{"line":138,"column":0},"end":{"line":138,"column":66}},"138":{"start":{"line":139,"column":0},"end":{"line":139,"column":14}},"139":{"start":{"line":140,"column":0},"end":{"line":140,"column":36}},"140":{"start":{"line":141,"column":0},"end":{"line":141,"column":36}},"141":{"start":{"line":142,"column":0},"end":{"line":142,"column":35}},"142":{"start":{"line":143,"column":0},"end":{"line":143,"column":66}},"143":{"start":{"line":144,"column":0},"end":{"line":144,"column":66}},"144":{"start":{"line":145,"column":0},"end":{"line":145,"column":14}},"145":{"start":{"line":146,"column":0},"end":{"line":146,"column":36}},"146":{"start":{"line":147,"column":0},"end":{"line":147,"column":36}},"147":{"start":{"line":148,"column":0},"end":{"line":148,"column":34}},"148":{"start":{"line":149,"column":0},"end":{"line":149,"column":66}},"149":{"start":{"line":150,"column":0},"end":{"line":150,"column":67}},"150":{"start":{"line":151,"column":0},"end":{"line":151,"column":20}},"151":{"start":{"line":152,"column":0},"end":{"line":152,"column":37}},"152":{"start":{"line":153,"column":0},"end":{"line":153,"column":67}},"153":{"start":{"line":154,"column":0},"end":{"line":154,"column":9}},"154":{"start":{"line":155,"column":0},"end":{"line":155,"column":7}},"155":{"start":{"line":156,"column":0},"end":{"line":156,"column":5}},"156":{"start":{"line":157,"column":0},"end":{"line":157,"column":12}},"157":{"start":{"line":158,"column":0},"end":{"line":158,"column":3}},"174":{"start":{"line":175,"column":0},"end":{"line":175,"column":65}},"175":{"start":{"line":176,"column":0},"end":{"line":176,"column":36}},"176":{"start":{"line":177,"column":0},"end":{"line":177,"column":34}},"177":{"start":{"line":178,"column":0},"end":{"line":178,"column":45}},"178":{"start":{"line":179,"column":0},"end":{"line":179,"column":27}},"179":{"start":{"line":180,"column":0},"end":{"line":180,"column":48}},"180":{"start":{"line":181,"column":0},"end":{"line":181,"column":27}},"181":{"start":{"line":182,"column":0},"end":{"line":182,"column":48}},"182":{"start":{"line":183,"column":0},"end":{"line":183,"column":48}},"183":{"start":{"line":184,"column":0},"end":{"line":184,"column":27}},"184":{"start":{"line":185,"column":0},"end":{"line":185,"column":48}},"185":{"start":{"line":186,"column":0},"end":{"line":186,"column":27}},"186":{"start":{"line":187,"column":0},"end":{"line":187,"column":17}},"187":{"start":{"line":188,"column":0},"end":{"line":188,"column":35}},"188":{"start":{"line":189,"column":0},"end":{"line":189,"column":71}},"189":{"start":{"line":190,"column":0},"end":{"line":190,"column":7}},"190":{"start":{"line":191,"column":0},"end":{"line":191,"column":5}},"191":{"start":{"line":192,"column":0},"end":{"line":192,"column":12}},"192":{"start":{"line":193,"column":0},"end":{"line":193,"column":3}},"193":{"start":{"line":194,"column":0},"end":{"line":194,"column":1}}},"s":{"0":0,"36":0,"37":0,"38":0,"39":0,"40":0,"41":0,"46":0,"47":0,"48":0,"49":0,"50":0,"51":0,"52":0,"62":0,"63":0,"64":0,"65":0,"66":0,"67":0,"68":0,"69":0,"70":0,"71":0,"72":0,"73":0,"74":0,"75":0,"76":0,"77":0,"78":0,"79":0,"80":0,"81":0,"82":0,"83":0,"84":0,"85":0,"86":0,"87":0,"88":0,"89":0,"100":0,"101":0,"102":0,"103":0,"104":0,"105":0,"106":0,"107":0,"108":0,"109":0,"110":0,"111":0,"112":0,"113":0,"114":0,"128":0,"129":0,"130":0,"131":0,"132":0,"133":0,"134":0,"135":0,"136":0,"137":0,"138":0,"139":0,"140":0,"141":0,"142":0,"143":0,"144":0,"145":0,"146":0,"147":0,"148":0,"149":0,"150":0,"151":0,"152":0,"153":0,"154":0,"155":0,"156":0,"157":0,"174":0,"175":0,"176":0,"177":0,"178":0,"179":0,"180":0,"181":0,"182":0,"183":0,"184":0,"185":0,"186":0,"187":0,"188":0,"189":0,"190":0,"191":0,"192":0,"193":0},"branchMap":{"0":{"type":"branch","line":1,"loc":{"start":{"line":1,"column":0},"end":{"line":194,"column":-66}},"locations":[{"start":{"line":1,"column":0},"end":{"line":194,"column":-66}}]}},"b":{"0":[0]},"fnMap":{"0":{"name":"(empty-report)","decl":{"start":{"line":1,"column":0},"end":{"line":194,"column":-66}},"loc":{"start":{"line":1,"column":0},"end":{"line":194,"column":-66}},"line":1}},"f":{"0":0}}
,"/Users/am/npm_packages/crystals-kyber-rustykey/src/mlKem/mlKem512.ts": {"path":"/Users/am/npm_packages/crystals-kyber-rustykey/src/mlKem/mlKem512.ts","all":false,"statementMap":{"0":{"start":{"line":1,"column":0},"end":{"line":1,"column":3}},"36":{"start":{"line":37,"column":0},"end":{"line":37,"column":41}},"37":{"start":{"line":38,"column":0},"end":{"line":38,"column":17}},"38":{"start":{"line":39,"column":0},"end":{"line":39,"column":19}},"39":{"start":{"line":40,"column":0},"end":{"line":40,"column":18}},"40":{"start":{"line":41,"column":0},"end":{"line":41,"column":20}},"41":{"start":{"line":42,"column":0},"end":{"line":42,"column":20}},"46":{"start":{"line":47,"column":0},"end":{"line":47,"column":17}},"47":{"start":{"line":48,"column":0},"end":{"line":48,"column":11}},"48":{"start":{"line":49,"column":0},"end":{"line":49,"column":41}},"49":{"start":{"line":50,"column":0},"end":{"line":50,"column":36}},"50":{"start":{"line":51,"column":0},"end":{"line":51,"column":56}},"51":{"start":{"line":52,"column":0},"end":{"line":52,"column":46}},"52":{"start":{"line":53,"column":0},"end":{"line":53,"column":3}},"62":{"start":{"line":63,"column":0},"end":{"line":63,"column":35}},"63":{"start":{"line":64,"column":0},"end":{"line":64,"column":22}},"64":{"start":{"line":65,"column":0},"end":{"line":65,"column":19}},"65":{"start":{"line":66,"column":0},"end":{"line":66,"column":16}},"66":{"start":{"line":67,"column":0},"end":{"line":67,"column":27}},"67":{"start":{"line":68,"column":0},"end":{"line":68,"column":44}},"68":{"start":{"line":69,"column":0},"end":{"line":69,"column":36}},"69":{"start":{"line":70,"column":0},"end":{"line":70,"column":77}},"70":{"start":{"line":71,"column":0},"end":{"line":71,"column":14}},"71":{"start":{"line":72,"column":0},"end":{"line":72,"column":5}},"72":{"start":{"line":73,"column":0},"end":{"line":73,"column":12}},"73":{"start":{"line":74,"column":0},"end":{"line":74,"column":3}},"74":{"start":{"line":75,"column":0},"end":{"line":75,"column":1}},"83":{"start":{"line":84,"column":0},"end":{"line":84,"column":66}},"84":{"start":{"line":85,"column":0},"end":{"line":85,"column":10}},"85":{"start":{"line":86,"column":0},"end":{"line":86,"column":10}},"86":{"start":{"line":87,"column":0},"end":{"line":87,"column":42}},"87":{"start":{"line":88,"column":0},"end":{"line":88,"column":35}},"88":{"start":{"line":89,"column":0},"end":{"line":89,"column":54}},"89":{"start":{"line":90,"column":0},"end":{"line":90,"column":22}},"90":{"start":{"line":91,"column":0},"end":{"line":91,"column":35}},"91":{"start":{"line":92,"column":0},"end":{"line":92,"column":35}},"92":{"start":{"line":93,"column":0},"end":{"line":93,"column":33}},"93":{"start":{"line":94,"column":0},"end":{"line":94,"column":41}},"94":{"start":{"line":95,"column":0},"end":{"line":95,"column":43}},"95":{"start":{"line":96,"column":0},"end":{"line":96,"column":26}},"96":{"start":{"line":97,"column":0},"end":{"line":97,"column":5}},"97":{"start":{"line":98,"column":0},"end":{"line":98,"column":3}},"98":{"start":{"line":99,"column":0},"end":{"line":99,"column":10}},"99":{"start":{"line":100,"column":0},"end":{"line":100,"column":1}}},"s":{"0":1,"36":1,"37":2,"38":2,"39":2,"40":2,"41":2,"46":2,"47":2,"48":2,"49":2,"50":2,"51":2,"52":2,"62":2,"63":4,"64":4,"65":4,"66":4,"67":4,"68":4,"69":8,"70":8,"71":8,"72":4,"73":4,"74":2,"83":8,"84":8,"85":8,"86":8,"87":8,"88":512,"89":512,"90":512,"91":512,"92":512,"93":2048,"94":2048,"95":2048,"96":2048,"97":512,"98":8,"99":8},"branchMap":{"0":{"type":"branch","line":37,"loc":{"start":{"line":37,"column":40},"end":{"line":75,"column":1}},"locations":[{"start":{"line":37,"column":40},"end":{"line":75,"column":1}}]},"1":{"type":"branch","line":47,"loc":{"start":{"line":47,"column":2},"end":{"line":53,"column":3}},"locations":[{"start":{"line":47,"column":2},"end":{"line":53,"column":3}}]},"2":{"type":"branch","line":63,"loc":{"start":{"line":63,"column":21},"end":{"line":74,"column":3}},"locations":[{"start":{"line":63,"column":21},"end":{"line":74,"column":3}}]},"3":{"type":"branch","line":69,"loc":{"start":{"line":69,"column":35},"end":{"line":72,"column":5}},"locations":[{"start":{"line":69,"column":35},"end":{"line":72,"column":5}}]},"4":{"type":"branch","line":84,"loc":{"start":{"line":84,"column":0},"end":{"line":100,"column":1}},"locations":[{"start":{"line":84,"column":0},"end":{"line":100,"column":1}}]},"5":{"type":"branch","line":88,"loc":{"start":{"line":88,"column":34},"end":{"line":98,"column":3}},"locations":[{"start":{"line":88,"column":34},"end":{"line":98,"column":3}}]},"6":{"type":"branch","line":93,"loc":{"start":{"line":93,"column":32},"end":{"line":97,"column":5}},"locations":[{"start":{"line":93,"column":32},"end":{"line":97,"column":5}}]}},"b":{"0":[2],"1":[2],"2":[4],"3":[8],"4":[8],"5":[512],"6":[2048]},"fnMap":{"0":{"name":"<instance_members_initializer>","decl":{"start":{"line":37,"column":40},"end":{"line":75,"column":1}},"loc":{"start":{"line":37,"column":40},"end":{"line":75,"column":1}},"line":37},"1":{"name":"MlKem512","decl":{"start":{"line":47,"column":2},"end":{"line":53,"column":3}},"loc":{"start":{"line":47,"column":2},"end":{"line":53,"column":3}},"line":47},"2":{"name":"_sampleNoise1","decl":{"start":{"line":63,"column":21},"end":{"line":74,"column":3}},"loc":{"start":{"line":63,"column":21},"end":{"line":74,"column":3}},"line":63},"3":{"name":"byteopsCbd","decl":{"start":{"line":84,"column":0},"end":{"line":100,"column":1}},"loc":{"start":{"line":84,"column":0},"end":{"line":100,"column":1}},"line":84}},"f":{"0":2,"1":2,"2":4,"3":8}}
,"/Users/am/npm_packages/crystals-kyber-rustykey/src/mlKem/mlKem768.ts": {"path":"/Users/am/npm_packages/crystals-kyber-rustykey/src/mlKem/mlKem768.ts","all":true,"statementMap":{"0":{"start":{"line":1,"column":0},"end":{"line":1,"column":3}},"35":{"start":{"line":36,"column":0},"end":{"line":36,"column":41}},"36":{"start":{"line":37,"column":0},"end":{"line":37,"column":17}},"37":{"start":{"line":38,"column":0},"end":{"line":38,"column":19}},"38":{"start":{"line":39,"column":0},"end":{"line":39,"column":18}},"39":{"start":{"line":40,"column":0},"end":{"line":40,"column":20}},"40":{"start":{"line":41,"column":0},"end":{"line":41,"column":20}},"42":{"start":{"line":43,"column":0},"end":{"line":43,"column":17}},"43":{"start":{"line":44,"column":0},"end":{"line":44,"column":11}},"44":{"start":{"line":45,"column":0},"end":{"line":45,"column":41}},"45":{"start":{"line":46,"column":0},"end":{"line":46,"column":36}},"46":{"start":{"line":47,"column":0},"end":{"line":47,"column":56}},"47":{"start":{"line":48,"column":0},"end":{"line":48,"column":46}},"48":{"start":{"line":49,"column":0},"end":{"line":49,"column":3}},"49":{"start":{"line":50,"column":0},"end":{"line":50,"column":1}}},"s":{"0":0,"35":0,"36":0,"37":0,"38":0,"39":0,"40":0,"42":0,"43":0,"44":0,"45":0,"46":0,"47":0,"48":0,"49":0},"branchMap":{"0":{"type":"branch","line":1,"loc":{"start":{"line":1,"column":1377},"end":{"line":50,"column":1}},"locations":[{"start":{"line":1,"column":1377},"end":{"line":50,"column":1}}]}},"b":{"0":[0]},"fnMap":{"0":{"name":"(empty-report)","decl":{"start":{"line":1,"column":1377},"end":{"line":50,"column":1}},"loc":{"start":{"line":1,"column":1377},"end":{"line":50,"column":1}},"line":1}},"f":{"0":0}}
,"/Users/am/npm_packages/crystals-kyber-rustykey/src/mlKem/mlKemBase.ts": {"path":"/Users/am/npm_packages/crystals-kyber-rustykey/src/mlKem/mlKemBase.ts","all":false,"statementMap":{"0":{"start":{"line":1,"column":0},"end":{"line":1,"column":3}},"61":{"start":{"line":62,"column":0},"end":{"line":62,"column":24}},"62":{"start":{"line":63,"column":0},"end":{"line":63,"column":56}},"63":{"start":{"line":64,"column":0},"end":{"line":64,"column":18}},"64":{"start":{"line":65,"column":0},"end":{"line":65,"column":19}},"65":{"start":{"line":66,"column":0},"end":{"line":66,"column":19}},"66":{"start":{"line":67,"column":0},"end":{"line":67,"column":21}},"67":{"start":{"line":68,"column":0},"end":{"line":68,"column":21}},"68":{"start":{"line":69,"column":0},"end":{"line":69,"column":23}},"69":{"start":{"line":70,"column":0},"end":{"line":70,"column":23}},"70":{"start":{"line":71,"column":0},"end":{"line":71,"column":32}},"71":{"start":{"line":72,"column":0},"end":{"line":72,"column":32}},"76":{"start":{"line":77,"column":0},"end":{"line":77,"column":18}},"98":{"start":{"line":99,"column":0},"end":{"line":99,"column":69}},"99":{"start":{"line":100,"column":0},"end":{"line":100,"column":23}},"101":{"start":{"line":102,"column":0},"end":{"line":102,"column":9}},"102":{"start":{"line":103,"column":0},"end":{"line":103,"column":36}},"103":{"start":{"line":104,"column":0},"end":{"line":104,"column":59}},"104":{"start":{"line":105,"column":0},"end":{"line":105,"column":37}},"105":{"start":{"line":106,"column":0},"end":{"line":106,"column":26}},"106":{"start":{"line":107,"column":0},"end":{"line":107,"column":29}},"107":{"start":{"line":108,"column":0},"end":{"line":108,"column":5}},"108":{"start":{"line":109,"column":0},"end":{"line":109,"column":3}},"133":{"start":{"line":134,"column":0},"end":{"line":134,"column":29}},"134":{"start":{"line":135,"column":0},"end":{"line":135,"column":20}},"135":{"start":{"line":136,"column":0},"end":{"line":136,"column":40}},"136":{"start":{"line":137,"column":0},"end":{"line":137,"column":23}},"138":{"start":{"line":139,"column":0},"end":{"line":139,"column":9}},"139":{"start":{"line":140,"column":0},"end":{"line":140,"column":35}},"140":{"start":{"line":141,"column":0},"end":{"line":141,"column":58}},"141":{"start":{"line":142,"column":0},"end":{"line":142,"column":7}},"142":{"start":{"line":143,"column":0},"end":{"line":143,"column":38}},"143":{"start":{"line":144,"column":0},"end":{"line":144,"column":26}},"144":{"start":{"line":145,"column":0},"end":{"line":145,"column":29}},"145":{"start":{"line":146,"column":0},"end":{"line":146,"column":5}},"146":{"start":{"line":147,"column":0},"end":{"line":147,"column":3}},"171":{"start":{"line":172,"column":0},"end":{"line":172,"column":21}},"172":{"start":{"line":173,"column":0},"end":{"line":173,"column":19}},"173":{"start":{"line":174,"column":0},"end":{"line":174,"column":21}},"174":{"start":{"line":175,"column":0},"end":{"line":175,"column":40}},"175":{"start":{"line":176,"column":0},"end":{"line":176,"column":23}},"177":{"start":{"line":178,"column":0},"end":{"line":178,"column":9}},"179":{"start":{"line":180,"column":0},"end":{"line":180,"column":45}},"180":{"start":{"line":181,"column":0},"end":{"line":181,"column":52}},"181":{"start":{"line":182,"column":0},"end":{"line":182,"column":7}},"182":{"start":{"line":183,"column":0},"end":{"line":183,"column":35}},"183":{"start":{"line":184,"column":0},"end":{"line":184,"column":32}},"184":{"start":{"line":185,"column":0},"end":{"line":185,"column":38}},"185":{"start":{"line":186,"column":0},"end":{"line":186,"column":20}},"186":{"start":{"line":187,"column":0},"end":{"line":187,"column":26}},"187":{"start":{"line":188,"column":0},"end":{"line":188,"column":29}},"188":{"start":{"line":189,"column":0},"end":{"line":189,"column":5}},"189":{"start":{"line":190,"column":0},"end":{"line":190,"column":3}},"216":{"start":{"line":217,"column":0},"end":{"line":217,"column":75}},"217":{"start":{"line":218,"column":0},"end":{"line":218,"column":23}},"219":{"start":{"line":220,"column":0},"end":{"line":220,"column":9}},"221":{"start":{"line":222,"column":0},"end":{"line":222,"column":76}},"222":{"start":{"line":223,"column":0},"end":{"line":223,"column":42}},"223":{"start":{"line":224,"column":0},"end":{"line":224,"column":7}},"225":{"start":{"line":226,"column":0},"end":{"line":226,"column":45}},"226":{"start":{"line":227,"column":0},"end":{"line":227,"column":52}},"227":{"start":{"line":228,"column":0},"end":{"line":228,"column":7}},"228":{"start":{"line":229,"column":0},"end":{"line":229,"column":46}},"229":{"start":{"line":230,"column":0},"end":{"line":230,"column":71}},"230":{"start":{"line":231,"column":0},"end":{"line":231,"column":30}},"231":{"start":{"line":232,"column":0},"end":{"line":232,"column":36}},"232":{"start":{"line":233,"column":0},"end":{"line":233,"column":40}},"233":{"start":{"line":234,"column":0},"end":{"line":234,"column":7}},"234":{"start":{"line":235,"column":0},"end":{"line":235,"column":28}},"235":{"start":{"line":236,"column":0},"end":{"line":236,"column":41}},"236":{"start":{"line":237,"column":0},"end":{"line":237,"column":40}},"237":{"start":{"line":238,"column":0},"end":{"line":238,"column":7}},"239":{"start":{"line":240,"column":0},"end":{"line":240,"column":37}},"240":{"start":{"line":241,"column":0},"end":{"line":241,"column":33}},"241":{"start":{"line":242,"column":0},"end":{"line":242,"column":29}},"242":{"start":{"line":243,"column":0},"end":{"line":243,"column":41}},"243":{"start":{"line":244,"column":0},"end":{"line":244,"column":59}},"244":{"start":{"line":245,"column":0},"end":{"line":245,"column":26}},"245":{"start":{"line":246,"column":0},"end":{"line":246,"column":29}},"246":{"start":{"line":247,"column":0},"end":{"line":247,"column":5}},"247":{"start":{"line":248,"column":0},"end":{"line":248,"column":3}},"254":{"start":{"line":255,"column":0},"end":{"line":255,"column":26}},"255":{"start":{"line":256,"column":0},"end":{"line":256,"column":34}},"256":{"start":{"line":257,"column":0},"end":{"line":257,"column":12}},"257":{"start":{"line":258,"column":0},"end":{"line":258,"column":5}},"258":{"start":{"line":259,"column":0},"end":{"line":259,"column":34}},"259":{"start":{"line":260,"column":0},"end":{"line":260,"column":3}},"270":{"start":{"line":271,"column":0},"end":{"line":271,"column":51}},"271":{"start":{"line":272,"column":0},"end":{"line":272,"column":28}},"272":{"start":{"line":273,"column":0},"end":{"line":273,"column":34}},"273":{"start":{"line":274,"column":0},"end":{"line":274,"column":57}},"274":{"start":{"line":275,"column":0},"end":{"line":275,"column":14}},"275":{"start":{"line":276,"column":0},"end":{"line":276,"column":5}},"276":{"start":{"line":277,"column":0},"end":{"line":277,"column":33}},"277":{"start":{"line":278,"column":0},"end":{"line":278,"column":56}},"278":{"start":{"line":279,"column":0},"end":{"line":279,"column":5}},"279":{"start":{"line":280,"column":0},"end":{"line":280,"column":15}},"280":{"start":{"line":281,"column":0},"end":{"line":281,"column":3}},"288":{"start":{"line":289,"column":0},"end":{"line":289,"column":70}},"289":{"start":{"line":290,"column":0},"end":{"line":290,"column":40}},"290":{"start":{"line":291,"column":0},"end":{"line":291,"column":35}},"292":{"start":{"line":293,"column":0},"end":{"line":293,"column":56}},"294":{"start":{"line":295,"column":0},"end":{"line":295,"column":21}},"295":{"start":{"line":296,"column":0},"end":{"line":296,"column":63}},"296":{"start":{"line":297,"column":0},"end":{"line":297,"column":21}},"297":{"start":{"line":298,"column":0},"end":{"line":298,"column":28}},"298":{"start":{"line":299,"column":0},"end":{"line":299,"column":44}},"299":{"start":{"line":300,"column":0},"end":{"line":300,"column":47}},"300":{"start":{"line":301,"column":0},"end":{"line":301,"column":19}},"301":{"start":{"line":302,"column":0},"end":{"line":302,"column":3}},"312":{"start":{"line":313,"column":0},"end":{"line":313,"column":76}},"313":{"start":{"line":314,"column":0},"end":{"line":314,"column":73}},"314":{"start":{"line":315,"column":0},"end":{"line":315,"column":51}},"315":{"start":{"line":316,"column":0},"end":{"line":316,"column":55}},"316":{"start":{"line":317,"column":0},"end":{"line":317,"column":61}},"319":{"start":{"line":320,"column":0},"end":{"line":320,"column":39}},"320":{"start":{"line":321,"column":0},"end":{"line":321,"column":22}},"321":{"start":{"line":322,"column":0},"end":{"line":322,"column":25}},"322":{"start":{"line":323,"column":0},"end":{"line":323,"column":22}},"323":{"start":{"line":324,"column":0},"end":{"line":324,"column":5}},"327":{"start":{"line":328,"column":0},"end":{"line":328,"column":48}},"328":{"start":{"line":329,"column":0},"end":{"line":329,"column":39}},"329":{"start":{"line":330,"column":0},"end":{"line":330,"column":43}},"330":{"start":{"line":331,"column":0},"end":{"line":331,"column":30}},"331":{"start":{"line":332,"column":0},"end":{"line":332,"column":27}},"332":{"start":{"line":333,"column":0},"end":{"line":333,"column":5}},"336":{"start":{"line":337,"column":0},"end":{"line":337,"column":47}},"337":{"start":{"line":338,"column":0},"end":{"line":338,"column":39}},"338":{"start":{"line":339,"column":0},"end":{"line":339,"column":45}},"339":{"start":{"line":340,"column":0},"end":{"line":340,"column":5}},"341":{"start":{"line":342,"column":0},"end":{"line":342,"column":40}},"345":{"start":{"line":346,"column":0},"end":{"line":346,"column":48}},"346":{"start":{"line":347,"column":0},"end":{"line":347,"column":39}},"347":{"start":{"line":348,"column":0},"end":{"line":348,"column":45}},"348":{"start":{"line":349,"column":0},"end":{"line":349,"column":5}},"349":{"start":{"line":350,"column":0},"end":{"line":350,"column":28}},"350":{"start":{"line":351,"column":0},"end":{"line":351,"column":3}},"363":{"start":{"line":364,"column":0},"end":{"line":364,"column":17}},"364":{"start":{"line":365,"column":0},"end":{"line":365,"column":19}},"365":{"start":{"line":366,"column":0},"end":{"line":366,"column":20}},"366":{"start":{"line":367,"column":0},"end":{"line":367,"column":20}},"367":{"start":{"line":368,"column":0},"end":{"line":368,"column":17}},"368":{"start":{"line":369,"column":0},"end":{"line":369,"column":50}},"369":{"start":{"line":370,"column":0},"end":{"line":370,"column":119}},"370":{"start":{"line":371,"column":0},"end":{"line":371,"column":39}},"371":{"start":{"line":372,"column":0},"end":{"line":372,"column":66}},"372":{"start":{"line":373,"column":0},"end":{"line":373,"column":48}},"373":{"start":{"line":374,"column":0},"end":{"line":374,"column":5}},"374":{"start":{"line":375,"column":0},"end":{"line":375,"column":68}},"375":{"start":{"line":376,"column":0},"end":{"line":376,"column":50}},"376":{"start":{"line":377,"column":0},"end":{"line":377,"column":5}},"377":{"start":{"line":378,"column":0},"end":{"line":378,"column":41}},"378":{"start":{"line":379,"column":0},"end":{"line":379,"column":43}},"379":{"start":{"line":380,"column":0},"end":{"line":380,"column":50}},"380":{"start":{"line":381,"column":0},"end":{"line":381,"column":57}},"381":{"start":{"line":382,"column":0},"end":{"line":382,"column":58}},"384":{"start":{"line":385,"column":0},"end":{"line":385,"column":39}},"385":{"start":{"line":386,"column":0},"end":{"line":386,"column":22}},"386":{"start":{"line":387,"column":0},"end":{"line":387,"column":25}},"387":{"start":{"line":388,"column":0},"end":{"line":388,"column":5}},"390":{"start":{"line":391,"column":0},"end":{"line":391,"column":47}},"391":{"start":{"line":392,"column":0},"end":{"line":392,"column":39}},"392":{"start":{"line":393,"column":0},"end":{"line":393,"column":30}},"393":{"start":{"line":394,"column":0},"end":{"line":394,"column":29}},"394":{"start":{"line":395,"column":0},"end":{"line":395,"column":29}},"395":{"start":{"line":396,"column":0},"end":{"line":396,"column":25}},"396":{"start":{"line":397,"column":0},"end":{"line":397,"column":5}},"399":{"start":{"line":400,"column":0},"end":{"line":400,"column":30}},"400":{"start":{"line":401,"column":0},"end":{"line":401,"column":29}},"401":{"start":{"line":402,"column":0},"end":{"line":402,"column":21}},"402":{"start":{"line":403,"column":0},"end":{"line":403,"column":18}},"403":{"start":{"line":404,"column":0},"end":{"line":404,"column":17}},"404":{"start":{"line":405,"column":0},"end":{"line":405,"column":17}},"407":{"start":{"line":408,"column":0},"end":{"line":408,"column":77}},"408":{"start":{"line":409,"column":0},"end":{"line":409,"column":62}},"409":{"start":{"line":410,"column":0},"end":{"line":410,"column":59}},"410":{"start":{"line":411,"column":0},"end":{"line":411,"column":14}},"411":{"start":{"line":412,"column":0},"end":{"line":412,"column":3}},"423":{"start":{"line":424,"column":0},"end":{"line":424,"column":62}},"425":{"start":{"line":426,"column":0},"end":{"line":426,"column":70}},"426":{"start":{"line":427,"column":0},"end":{"line":427,"column":67}},"428":{"start":{"line":429,"column":0},"end":{"line":429,"column":56}},"430":{"start":{"line":431,"column":0},"end":{"line":431,"column":39}},"431":{"start":{"line":432,"column":0},"end":{"line":432,"column":22}},"432":{"start":{"line":433,"column":0},"end":{"line":433,"column":5}},"434":{"start":{"line":435,"column":0},"end":{"line":435,"column":43}},"435":{"start":{"line":436,"column":0},"end":{"line":436,"column":23}},"436":{"start":{"line":437,"column":0},"end":{"line":437,"column":24}},"437":{"start":{"line":438,"column":0},"end":{"line":438,"column":19}},"438":{"start":{"line":439,"column":0},"end":{"line":439,"column":24}},"439":{"start":{"line":440,"column":0},"end":{"line":440,"column":3}},"452":{"start":{"line":453,"column":0},"end":{"line":453,"column":24}},"453":{"start":{"line":454,"column":0},"end":{"line":454,"column":21}},"454":{"start":{"line":455,"column":0},"end":{"line":455,"column":23}},"455":{"start":{"line":456,"column":0},"end":{"line":456,"column":34}},"456":{"start":{"line":457,"column":0},"end":{"line":457,"column":54}},"457":{"start":{"line":458,"column":0},"end":{"line":458,"column":39}},"459":{"start":{"line":460,"column":0},"end":{"line":460,"column":48}},"460":{"start":{"line":461,"column":0},"end":{"line":461,"column":46}},"462":{"start":{"line":463,"column":0},"end":{"line":463,"column":41}},"464":{"start":{"line":465,"column":0},"end":{"line":465,"column":25}},"465":{"start":{"line":466,"column":0},"end":{"line":466,"column":26}},"466":{"start":{"line":467,"column":0},"end":{"line":467,"column":26}},"467":{"start":{"line":468,"column":0},"end":{"line":468,"column":16}},"468":{"start":{"line":469,"column":0},"end":{"line":469,"column":26}},"469":{"start":{"line":470,"column":0},"end":{"line":470,"column":26}},"470":{"start":{"line":471,"column":0},"end":{"line":471,"column":9}},"471":{"start":{"line":472,"column":0},"end":{"line":472,"column":43}},"474":{"start":{"line":475,"column":0},"end":{"line":475,"column":72}},"475":{"start":{"line":476,"column":0},"end":{"line":476,"column":71}},"476":{"start":{"line":477,"column":0},"end":{"line":477,"column":86}},"478":{"start":{"line":479,"column":0},"end":{"line":479,"column":25}},"480":{"start":{"line":481,"column":0},"end":{"line":481,"column":97}},"481":{"start":{"line":482,"column":0},"end":{"line":482,"column":96}},"482":{"start":{"line":483,"column":0},"end":{"line":483,"column":88}},"483":{"start":{"line":484,"column":0},"end":{"line":484,"column":94}},"485":{"start":{"line":486,"column":0},"end":{"line":486,"column":41}},"486":{"start":{"line":487,"column":0},"end":{"line":487,"column":107}},"487":{"start":{"line":488,"column":0},"end":{"line":488,"column":11}},"488":{"start":{"line":489,"column":0},"end":{"line":489,"column":42}},"489":{"start":{"line":490,"column":0},"end":{"line":490,"column":9}},"490":{"start":{"line":491,"column":0},"end":{"line":491,"column":7}},"491":{"start":{"line":492,"column":0},"end":{"line":492,"column":5}},"492":{"start":{"line":493,"column":0},"end":{"line":493,"column":12}},"493":{"start":{"line":494,"column":0},"end":{"line":494,"column":3}},"503":{"start":{"line":504,"column":0},"end":{"line":504,"column":26}},"504":{"start":{"line":505,"column":0},"end":{"line":505,"column":22}},"505":{"start":{"line":506,"column":0},"end":{"line":506,"column":19}},"506":{"start":{"line":507,"column":0},"end":{"line":507,"column":16}},"507":{"start":{"line":508,"column":0},"end":{"line":508,"column":27}},"508":{"start":{"line":509,"column":0},"end":{"line":509,"column":44}},"509":{"start":{"line":510,"column":0},"end":{"line":510,"column":36}},"510":{"start":{"line":511,"column":0},"end":{"line":511,"column":77}},"511":{"start":{"line":512,"column":0},"end":{"line":512,"column":14}},"512":{"start":{"line":513,"column":0},"end":{"line":513,"column":5}},"513":{"start":{"line":514,"column":0},"end":{"line":514,"column":12}},"514":{"start":{"line":515,"column":0},"end":{"line":515,"column":3}},"524":{"start":{"line":525,"column":0},"end":{"line":525,"column":26}},"525":{"start":{"line":526,"column":0},"end":{"line":526,"column":22}},"526":{"start":{"line":527,"column":0},"end":{"line":527,"column":19}},"527":{"start":{"line":528,"column":0},"end":{"line":528,"column":16}},"528":{"start":{"line":529,"column":0},"end":{"line":529,"column":27}},"529":{"start":{"line":530,"column":0},"end":{"line":530,"column":44}},"530":{"start":{"line":531,"column":0},"end":{"line":531,"column":36}},"531":{"start":{"line":532,"column":0},"end":{"line":532,"column":77}},"532":{"start":{"line":533,"column":0},"end":{"line":533,"column":14}},"533":{"start":{"line":534,"column":0},"end":{"line":534,"column":5}},"534":{"start":{"line":535,"column":0},"end":{"line":535,"column":12}},"535":{"start":{"line":536,"column":0},"end":{"line":536,"column":3}},"545":{"start":{"line":546,"column":0},"end":{"line":546,"column":66}},"546":{"start":{"line":547,"column":0},"end":{"line":547,"column":47}},"547":{"start":{"line":548,"column":0},"end":{"line":548,"column":39}},"548":{"start":{"line":549,"column":0},"end":{"line":549,"column":62}},"549":{"start":{"line":550,"column":0},"end":{"line":550,"column":5}},"550":{"start":{"line":551,"column":0},"end":{"line":551,"column":12}},"551":{"start":{"line":552,"column":0},"end":{"line":552,"column":3}},"562":{"start":{"line":563,"column":0},"end":{"line":563,"column":76}},"563":{"start":{"line":564,"column":0},"end":{"line":564,"column":34}},"564":{"start":{"line":565,"column":0},"end":{"line":565,"column":47}},"565":{"start":{"line":566,"column":0},"end":{"line":566,"column":39}},"566":{"start":{"line":567,"column":0},"end":{"line":567,"column":37}},"568":{"start":{"line":569,"column":0},"end":{"line":569,"column":71}},"569":{"start":{"line":570,"column":0},"end":{"line":570,"column":9}},"572":{"start":{"line":573,"column":0},"end":{"line":573,"column":33}},"573":{"start":{"line":574,"column":0},"end":{"line":574,"column":49}},"574":{"start":{"line":575,"column":0},"end":{"line":575,"column":49}},"575":{"start":{"line":576,"column":0},"end":{"line":576,"column":49}},"576":{"start":{"line":577,"column":0},"end":{"line":577,"column":33}},"577":{"start":{"line":578,"column":0},"end":{"line":578,"column":7}},"578":{"start":{"line":579,"column":0},"end":{"line":579,"column":5}},"579":{"start":{"line":580,"column":0},"end":{"line":580,"column":12}},"580":{"start":{"line":581,"column":0},"end":{"line":581,"column":3}},"591":{"start":{"line":592,"column":0},"end":{"line":592,"column":69}},"593":{"start":{"line":594,"column":0},"end":{"line":594,"column":31}},"594":{"start":{"line":595,"column":0},"end":{"line":595,"column":45}},"595":{"start":{"line":596,"column":0},"end":{"line":596,"column":35}},"596":{"start":{"line":597,"column":0},"end":{"line":597,"column":63}},"597":{"start":{"line":598,"column":0},"end":{"line":598,"column":7}},"598":{"start":{"line":599,"column":0},"end":{"line":599,"column":34}},"599":{"start":{"line":600,"column":0},"end":{"line":600,"column":34}},"600":{"start":{"line":601,"column":0},"end":{"line":601,"column":34}},"601":{"start":{"line":602,"column":0},"end":{"line":602,"column":34}},"602":{"start":{"line":603,"column":0},"end":{"line":603,"column":5}},"603":{"start":{"line":604,"column":0},"end":{"line":604,"column":12}},"604":{"start":{"line":605,"column":0},"end":{"line":605,"column":3}},"616":{"start":{"line":617,"column":0},"end":{"line":617,"column":63}},"617":{"start":{"line":618,"column":0},"end":{"line":618,"column":47}},"618":{"start":{"line":619,"column":0},"end":{"line":619,"column":39}},"619":{"start":{"line":620,"column":0},"end":{"line":620,"column":35}},"620":{"start":{"line":621,"column":0},"end":{"line":621,"column":5}},"621":{"start":{"line":622,"column":0},"end":{"line":622,"column":34}},"622":{"start":{"line":623,"column":0},"end":{"line":623,"column":47}},"623":{"start":{"line":624,"column":0},"end":{"line":624,"column":39}},"624":{"start":{"line":625,"column":0},"end":{"line":625,"column":66}},"625":{"start":{"line":626,"column":0},"end":{"line":626,"column":66}},"626":{"start":{"line":627,"column":0},"end":{"line":627,"column":66}},"627":{"start":{"line":628,"column":0},"end":{"line":628,"column":66}},"628":{"start":{"line":629,"column":0},"end":{"line":629,"column":19}},"629":{"start":{"line":630,"column":0},"end":{"line":630,"column":37}},"630":{"start":{"line":631,"column":0},"end":{"line":631,"column":34}},"631":{"start":{"line":632,"column":0},"end":{"line":632,"column":58}},"632":{"start":{"line":633,"column":0},"end":{"line":633,"column":11}},"633":{"start":{"line":634,"column":0},"end":{"line":634,"column":9}},"634":{"start":{"line":635,"column":0},"end":{"line":635,"column":7}},"635":{"start":{"line":636,"column":0},"end":{"line":636,"column":5}},"636":{"start":{"line":637,"column":0},"end":{"line":637,"column":12}},"637":{"start":{"line":638,"column":0},"end":{"line":638,"column":3}},"650":{"start":{"line":651,"column":0},"end":{"line":651,"column":56}},"651":{"start":{"line":652,"column":0},"end":{"line":652,"column":36}},"652":{"start":{"line":653,"column":0},"end":{"line":653,"column":51}},"653":{"start":{"line":654,"column":0},"end":{"line":654,"column":69}},"654":{"start":{"line":655,"column":0},"end":{"line":655,"column":69}},"655":{"start":{"line":656,"column":0},"end":{"line":656,"column":5}},"656":{"start":{"line":657,"column":0},"end":{"line":657,"column":12}},"657":{"start":{"line":658,"column":0},"end":{"line":658,"column":3}},"658":{"start":{"line":659,"column":0},"end":{"line":659,"column":1}},"667":{"start":{"line":668,"column":0},"end":{"line":668,"column":69}},"668":{"start":{"line":669,"column":0},"end":{"line":669,"column":42}},"669":{"start":{"line":670,"column":0},"end":{"line":670,"column":24}},"670":{"start":{"line":671,"column":0},"end":{"line":671,"column":18}},"671":{"start":{"line":672,"column":0},"end":{"line":672,"column":3}},"672":{"start":{"line":673,"column":0},"end":{"line":673,"column":27}},"673":{"start":{"line":674,"column":0},"end":{"line":674,"column":52}},"674":{"start":{"line":675,"column":0},"end":{"line":675,"column":1}},"682":{"start":{"line":683,"column":0},"end":{"line":683,"column":41}},"683":{"start":{"line":684,"column":0},"end":{"line":684,"column":47}},"684":{"start":{"line":685,"column":0},"end":{"line":685,"column":1}},"694":{"start":{"line":695,"column":0},"end":{"line":695,"column":57}},"695":{"start":{"line":696,"column":0},"end":{"line":696,"column":55}},"696":{"start":{"line":697,"column":0},"end":{"line":697,"column":24}},"697":{"start":{"line":698,"column":0},"end":{"line":698,"column":18}},"698":{"start":{"line":699,"column":0},"end":{"line":699,"column":3}},"699":{"start":{"line":700,"column":0},"end":{"line":700,"column":22}},"700":{"start":{"line":701,"column":0},"end":{"line":701,"column":1}},"709":{"start":{"line":710,"column":0},"end":{"line":710,"column":67}},"710":{"start":{"line":711,"column":0},"end":{"line":711,"column":80}},"711":{"start":{"line":712,"column":0},"end":{"line":712,"column":1}},"722":{"start":{"line":723,"column":0},"end":{"line":723,"column":52}},"723":{"start":{"line":724,"column":0},"end":{"line":724,"column":12}},"724":{"start":{"line":725,"column":0},"end":{"line":725,"column":12}},"725":{"start":{"line":726,"column":0},"end":{"line":726,"column":31}},"726":{"start":{"line":727,"column":0},"end":{"line":727,"column":98}},"728":{"start":{"line":729,"column":0},"end":{"line":729,"column":35}},"730":{"start":{"line":731,"column":0},"end":{"line":731,"column":26}},"731":{"start":{"line":732,"column":0},"end":{"line":732,"column":30}},"734":{"start":{"line":735,"column":0},"end":{"line":735,"column":89}},"735":{"start":{"line":736,"column":0},"end":{"line":736,"column":48}},"736":{"start":{"line":737,"column":0},"end":{"line":737,"column":32}},"737":{"start":{"line":738,"column":0},"end":{"line":738,"column":3}},"738":{"start":{"line":739,"column":0},"end":{"line":739,"column":10}},"739":{"start":{"line":740,"column":0},"end":{"line":740,"column":1}},"752":{"start":{"line":753,"column":0},"end":{"line":753,"column":54}},"753":{"start":{"line":754,"column":0},"end":{"line":754,"column":42}},"754":{"start":{"line":755,"column":0},"end":{"line":755,"column":35}},"755":{"start":{"line":756,"column":0},"end":{"line":756,"column":21}},"756":{"start":{"line":757,"column":0},"end":{"line":757,"column":73}},"757":{"start":{"line":758,"column":0},"end":{"line":758,"column":5}},"758":{"start":{"line":759,"column":0},"end":{"line":759,"column":25}},"759":{"start":{"line":760,"column":0},"end":{"line":760,"column":73}},"760":{"start":{"line":761,"column":0},"end":{"line":761,"column":5}},"761":{"start":{"line":762,"column":0},"end":{"line":762,"column":3}},"762":{"start":{"line":763,"column":0},"end":{"line":763,"column":10}},"763":{"start":{"line":764,"column":0},"end":{"line":764,"column":1}},"773":{"start":{"line":774,"column":0},"end":{"line":774,"column":50}},"774":{"start":{"line":775,"column":0},"end":{"line":775,"column":32}},"775":{"start":{"line":776,"column":0},"end":{"line":776,"column":7}},"776":{"start":{"line":777,"column":0},"end":{"line":777,"column":25}},"777":{"start":{"line":778,"column":0},"end":{"line":778,"column":35}},"778":{"start":{"line":779,"column":0},"end":{"line":779,"column":14}},"779":{"start":{"line":780,"column":0},"end":{"line":780,"column":33}},"780":{"start":{"line":781,"column":0},"end":{"line":781,"column":74}},"781":{"start":{"line":782,"column":0},"end":{"line":782,"column":28}},"782":{"start":{"line":783,"column":0},"end":{"line":783,"column":5}},"783":{"start":{"line":784,"column":0},"end":{"line":784,"column":3}},"784":{"start":{"line":785,"column":0},"end":{"line":785,"column":12}},"785":{"start":{"line":786,"column":0},"end":{"line":786,"column":1}},"796":{"start":{"line":797,"column":0},"end":{"line":797,"column":54}},"797":{"start":{"line":798,"column":0},"end":{"line":798,"column":77}},"798":{"start":{"line":799,"column":0},"end":{"line":799,"column":19}},"799":{"start":{"line":800,"column":0},"end":{"line":800,"column":35}},"800":{"start":{"line":801,"column":0},"end":{"line":801,"column":33}},"801":{"start":{"line":802,"column":0},"end":{"line":802,"column":42}},"802":{"start":{"line":803,"column":0},"end":{"line":803,"column":46}},"803":{"start":{"line":804,"column":0},"end":{"line":804,"column":5}},"804":{"start":{"line":805,"column":0},"end":{"line":805,"column":3}},"805":{"start":{"line":806,"column":0},"end":{"line":806,"column":10}},"806":{"start":{"line":807,"column":0},"end":{"line":807,"column":1}},"819":{"start":{"line":820,"column":0},"end":{"line":820,"column":26}},"820":{"start":{"line":821,"column":0},"end":{"line":821,"column":18}},"821":{"start":{"line":822,"column":0},"end":{"line":822,"column":15}},"822":{"start":{"line":823,"column":0},"end":{"line":823,"column":13}},"823":{"start":{"line":824,"column":0},"end":{"line":824,"column":28}},"824":{"start":{"line":825,"column":0},"end":{"line":825,"column":42}},"825":{"start":{"line":826,"column":0},"end":{"line":826,"column":13}},"826":{"start":{"line":827,"column":0},"end":{"line":827,"column":49}},"828":{"start":{"line":829,"column":0},"end":{"line":829,"column":53}},"830":{"start":{"line":831,"column":0},"end":{"line":831,"column":72}},"831":{"start":{"line":832,"column":0},"end":{"line":832,"column":76}},"834":{"start":{"line":835,"column":0},"end":{"line":835,"column":17}},"837":{"start":{"line":838,"column":0},"end":{"line":838,"column":19}},"839":{"start":{"line":840,"column":0},"end":{"line":840,"column":19}},"841":{"start":{"line":842,"column":0},"end":{"line":842,"column":19}},"842":{"start":{"line":843,"column":0},"end":{"line":843,"column":5}},"843":{"start":{"line":844,"column":0},"end":{"line":844,"column":32}},"844":{"start":{"line":845,"column":0},"end":{"line":845,"column":19}},"845":{"start":{"line":846,"column":0},"end":{"line":846,"column":19}},"846":{"start":{"line":847,"column":0},"end":{"line":847,"column":5}},"847":{"start":{"line":848,"column":0},"end":{"line":848,"column":3}},"848":{"start":{"line":849,"column":0},"end":{"line":849,"column":17}},"849":{"start":{"line":850,"column":0},"end":{"line":850,"column":1}},"861":{"start":{"line":862,"column":0},"end":{"line":862,"column":66}},"862":{"start":{"line":863,"column":0},"end":{"line":863,"column":10}},"863":{"start":{"line":864,"column":0},"end":{"line":864,"column":10}},"864":{"start":{"line":865,"column":0},"end":{"line":865,"column":42}},"865":{"start":{"line":866,"column":0},"end":{"line":866,"column":35}},"866":{"start":{"line":867,"column":0},"end":{"line":867,"column":54}},"867":{"start":{"line":868,"column":0},"end":{"line":868,"column":22}},"868":{"start":{"line":869,"column":0},"end":{"line":869,"column":35}},"869":{"start":{"line":870,"column":0},"end":{"line":870,"column":33}},"870":{"start":{"line":871,"column":0},"end":{"line":871,"column":41}},"871":{"start":{"line":872,"column":0},"end":{"line":872,"column":43}},"872":{"start":{"line":873,"column":0},"end":{"line":873,"column":26}},"873":{"start":{"line":874,"column":0},"end":{"line":874,"column":5}},"874":{"start":{"line":875,"column":0},"end":{"line":875,"column":3}},"875":{"start":{"line":876,"column":0},"end":{"line":876,"column":10}},"876":{"start":{"line":877,"column":0},"end":{"line":877,"column":1}},"887":{"start":{"line":888,"column":0},"end":{"line":888,"column":47}},"889":{"start":{"line":890,"column":0},"end":{"line":890,"column":52}},"891":{"start":{"line":892,"column":0},"end":{"line":892,"column":53}},"892":{"start":{"line":893,"column":0},"end":{"line":893,"column":31}},"893":{"start":{"line":894,"column":0},"end":{"line":894,"column":15}},"895":{"start":{"line":896,"column":0},"end":{"line":896,"column":43}},"897":{"start":{"line":898,"column":0},"end":{"line":898,"column":56}},"899":{"start":{"line":900,"column":0},"end":{"line":900,"column":27}},"901":{"start":{"line":902,"column":0},"end":{"line":902,"column":23}},"902":{"start":{"line":903,"column":0},"end":{"line":903,"column":7}},"903":{"start":{"line":904,"column":0},"end":{"line":904,"column":5}},"904":{"start":{"line":905,"column":0},"end":{"line":905,"column":3}},"905":{"start":{"line":906,"column":0},"end":{"line":906,"column":10}},"906":{"start":{"line":907,"column":0},"end":{"line":907,"column":1}},"917":{"start":{"line":918,"column":0},"end":{"line":918,"column":49}},"918":{"start":{"line":919,"column":0},"end":{"line":919,"column":39}},"919":{"start":{"line":920,"column":0},"end":{"line":920,"column":1}},"929":{"start":{"line":930,"column":0},"end":{"line":930,"column":50}},"930":{"start":{"line":931,"column":0},"end":{"line":931,"column":31}},"931":{"start":{"line":932,"column":0},"end":{"line":932,"column":24}},"932":{"start":{"line":933,"column":0},"end":{"line":933,"column":3}},"933":{"start":{"line":934,"column":0},"end":{"line":934,"column":10}},"934":{"start":{"line":935,"column":0},"end":{"line":935,"column":1}},"946":{"start":{"line":947,"column":0},"end":{"line":947,"column":37}},"947":{"start":{"line":948,"column":0},"end":{"line":948,"column":35}},"948":{"start":{"line":949,"column":0},"end":{"line":949,"column":23}},"949":{"start":{"line":950,"column":0},"end":{"line":950,"column":11}},"950":{"start":{"line":951,"column":0},"end":{"line":951,"column":14}},"951":{"start":{"line":952,"column":0},"end":{"line":952,"column":1}},"961":{"start":{"line":962,"column":0},"end":{"line":962,"column":53}},"962":{"start":{"line":963,"column":0},"end":{"line":963,"column":35}},"963":{"start":{"line":964,"column":0},"end":{"line":964,"column":15}},"964":{"start":{"line":965,"column":0},"end":{"line":965,"column":11}},"965":{"start":{"line":966,"column":0},"end":{"line":966,"column":10}},"966":{"start":{"line":967,"column":0},"end":{"line":967,"column":17}},"967":{"start":{"line":968,"column":0},"end":{"line":968,"column":1}},"978":{"start":{"line":979,"column":0},"end":{"line":979,"column":54}},"980":{"start":{"line":981,"column":0},"end":{"line":981,"column":62}},"981":{"start":{"line":982,"column":0},"end":{"line":982,"column":31}},"982":{"start":{"line":983,"column":0},"end":{"line":983,"column":58}},"983":{"start":{"line":984,"column":0},"end":{"line":984,"column":3}},"984":{"start":{"line":985,"column":0},"end":{"line":985,"column":10}},"985":{"start":{"line":986,"column":0},"end":{"line":986,"column":1}},"996":{"start":{"line":997,"column":0},"end":{"line":997,"column":18}},"997":{"start":{"line":998,"column":0},"end":{"line":998,"column":26}},"998":{"start":{"line":999,"column":0},"end":{"line":999,"column":25}},"999":{"start":{"line":1000,"column":0},"end":{"line":1000,"column":18}},"1000":{"start":{"line":1001,"column":0},"end":{"line":1001,"column":43}},"1001":{"start":{"line":1002,"column":0},"end":{"line":1002,"column":7}},"1002":{"start":{"line":1003,"column":0},"end":{"line":1003,"column":38}},"1003":{"start":{"line":1004,"column":0},"end":{"line":1004,"column":41}},"1004":{"start":{"line":1005,"column":0},"end":{"line":1005,"column":17}},"1005":{"start":{"line":1006,"column":0},"end":{"line":1006,"column":3}},"1006":{"start":{"line":1007,"column":0},"end":{"line":1007,"column":18}},"1007":{"start":{"line":1008,"column":0},"end":{"line":1008,"column":1}},"1018":{"start":{"line":1019,"column":0},"end":{"line":1019,"column":31}},"1019":{"start":{"line":1020,"column":0},"end":{"line":1020,"column":19}},"1020":{"start":{"line":1021,"column":0},"end":{"line":1021,"column":18}},"1021":{"start":{"line":1022,"column":0},"end":{"line":1022,"column":18}},"1022":{"start":{"line":1023,"column":0},"end":{"line":1023,"column":12}},"1023":{"start":{"line":1024,"column":0},"end":{"line":1024,"column":35}},"1024":{"start":{"line":1025,"column":0},"end":{"line":1025,"column":20}},"1025":{"start":{"line":1026,"column":0},"end":{"line":1026,"column":19}},"1026":{"start":{"line":1027,"column":0},"end":{"line":1027,"column":19}},"1027":{"start":{"line":1028,"column":0},"end":{"line":1028,"column":19}},"1028":{"start":{"line":1029,"column":0},"end":{"line":1029,"column":19}},"1029":{"start":{"line":1030,"column":0},"end":{"line":1030,"column":23}},"1030":{"start":{"line":1031,"column":0},"end":{"line":1031,"column":5}},"1031":{"start":{"line":1032,"column":0},"end":{"line":1032,"column":20}},"1032":{"start":{"line":1033,"column":0},"end":{"line":1033,"column":19}},"1033":{"start":{"line":1034,"column":0},"end":{"line":1034,"column":19}},"1034":{"start":{"line":1035,"column":0},"end":{"line":1035,"column":19}},"1035":{"start":{"line":1036,"column":0},"end":{"line":1036,"column":19}},"1036":{"start":{"line":1037,"column":0},"end":{"line":1037,"column":24}},"1037":{"start":{"line":1038,"column":0},"end":{"line":1038,"column":5}},"1038":{"start":{"line":1039,"column":0},"end":{"line":1039,"column":24}},"1039":{"start":{"line":1040,"column":0},"end":{"line":1040,"column":24}},"1040":{"start":{"line":1041,"column":0},"end":{"line":1041,"column":24}},"1041":{"start":{"line":1042,"column":0},"end":{"line":1042,"column":24}},"1042":{"start":{"line":1043,"column":0},"end":{"line":1043,"column":3}},"1043":{"start":{"line":1044,"column":0},"end":{"line":1044,"column":10}},"1044":{"start":{"line":1045,"column":0},"end":{"line":1045,"column":1}},"1060":{"start":{"line":1061,"column":0},"end":{"line":1061,"column":20}},"1061":{"start":{"line":1062,"column":0},"end":{"line":1062,"column":13}},"1062":{"start":{"line":1063,"column":0},"end":{"line":1063,"column":13}},"1063":{"start":{"line":1064,"column":0},"end":{"line":1064,"column":13}},"1064":{"start":{"line":1065,"column":0},"end":{"line":1065,"column":13}},"1065":{"start":{"line":1066,"column":0},"end":{"line":1066,"column":14}},"1066":{"start":{"line":1067,"column":0},"end":{"line":1067,"column":18}},"1067":{"start":{"line":1068,"column":0},"end":{"line":1068,"column":32}},"1068":{"start":{"line":1069,"column":0},"end":{"line":1069,"column":25}},"1069":{"start":{"line":1070,"column":0},"end":{"line":1070,"column":29}},"1070":{"start":{"line":1071,"column":0},"end":{"line":1071,"column":26}},"1071":{"start":{"line":1072,"column":0},"end":{"line":1072,"column":25}},"1072":{"start":{"line":1073,"column":0},"end":{"line":1073,"column":26}},"1073":{"start":{"line":1074,"column":0},"end":{"line":1074,"column":10}},"1074":{"start":{"line":1075,"column":0},"end":{"line":1075,"column":1}},"1084":{"start":{"line":1085,"column":0},"end":{"line":1085,"column":65}},"1085":{"start":{"line":1086,"column":0},"end":{"line":1086,"column":34}},"1086":{"start":{"line":1087,"column":0},"end":{"line":1087,"column":31}},"1087":{"start":{"line":1088,"column":0},"end":{"line":1088,"column":22}},"1088":{"start":{"line":1089,"column":0},"end":{"line":1089,"column":3}},"1089":{"start":{"line":1090,"column":0},"end":{"line":1090,"column":10}},"1090":{"start":{"line":1091,"column":0},"end":{"line":1091,"column":1}},"1101":{"start":{"line":1102,"column":0},"end":{"line":1102,"column":70}},"1102":{"start":{"line":1103,"column":0},"end":{"line":1103,"column":31}},"1103":{"start":{"line":1104,"column":0},"end":{"line":1104,"column":16}},"1104":{"start":{"line":1105,"column":0},"end":{"line":1105,"column":3}},"1105":{"start":{"line":1106,"column":0},"end":{"line":1106,"column":10}},"1106":{"start":{"line":1107,"column":0},"end":{"line":1107,"column":1}},"1118":{"start":{"line":1119,"column":0},"end":{"line":1119,"column":54}},"1119":{"start":{"line":1120,"column":0},"end":{"line":1120,"column":11}},"1120":{"start":{"line":1121,"column":0},"end":{"line":1121,"column":45}},"1121":{"start":{"line":1122,"column":0},"end":{"line":1122,"column":53}},"1122":{"start":{"line":1123,"column":0},"end":{"line":1123,"column":35}},"1123":{"start":{"line":1124,"column":0},"end":{"line":1124,"column":15}},"1124":{"start":{"line":1125,"column":0},"end":{"line":1125,"column":43}},"1125":{"start":{"line":1126,"column":0},"end":{"line":1126,"column":22}},"1126":{"start":{"line":1127,"column":0},"end":{"line":1127,"column":36}},"1127":{"start":{"line":1128,"column":0},"end":{"line":1128,"column":31}},"1128":{"start":{"line":1129,"column":0},"end":{"line":1129,"column":43}},"1129":{"start":{"line":1130,"column":0},"end":{"line":1130,"column":7}},"1130":{"start":{"line":1131,"column":0},"end":{"line":1131,"column":5}},"1131":{"start":{"line":1132,"column":0},"end":{"line":1132,"column":3}},"1132":{"start":{"line":1133,"column":0},"end":{"line":1133,"column":29}},"1133":{"start":{"line":1134,"column":0},"end":{"line":1134,"column":45}},"1134":{"start":{"line":1135,"column":0},"end":{"line":1135,"column":3}},"1135":{"start":{"line":1136,"column":0},"end":{"line":1136,"column":10}},"1136":{"start":{"line":1137,"column":0},"end":{"line":1137,"column":1}},"1150":{"start":{"line":1151,"column":0},"end":{"line":1151,"column":53}},"1151":{"start":{"line":1152,"column":0},"end":{"line":1152,"column":31}},"1152":{"start":{"line":1153,"column":0},"end":{"line":1153,"column":52}},"1156":{"start":{"line":1157,"column":0},"end":{"line":1157,"column":28}},"1157":{"start":{"line":1158,"column":0},"end":{"line":1158,"column":3}},"1158":{"start":{"line":1159,"column":0},"end":{"line":1159,"column":10}},"1159":{"start":{"line":1160,"column":0},"end":{"line":1160,"column":1}}},"s":{"0":1,"61":1,"62":2,"63":2,"64":2,"65":2,"66":2,"67":2,"68":2,"69":2,"70":2,"71":2,"76":2,"98":2,"99":1,"101":1,"102":1,"103":1,"104":1,"105":1,"106":0,"107":0,"108":1,"133":2,"134":0,"135":0,"136":0,"138":0,"139":0,"140":0,"141":0,"142":0,"143":0,"144":0,"145":0,"146":0,"171":2,"172":1,"173":1,"174":1,"175":1,"177":1,"179":1,"180":0,"181":0,"182":1,"183":1,"184":1,"185":1,"186":1,"187":0,"188":0,"189":1,"216":2,"217":1,"219":1,"221":1,"222":0,"223":0,"225":1,"226":0,"227":0,"228":1,"229":1,"230":1,"231":1,"232":1,"233":1,"234":1,"235":1,"236":1,"237":1,"239":1,"240":1,"241":1,"242":1,"243":1,"244":1,"245":0,"246":0,"247":1,"254":2,"255":3,"256":1,"257":1,"258":2,"259":3,"270":2,"271":1,"272":1,"273":1,"274":1,"275":1,"276":0,"277":0,"278":0,"279":0,"280":1,"288":2,"289":1,"290":1,"292":1,"294":1,"295":1,"296":1,"297":1,"298":1,"299":1,"300":1,"301":1,"312":2,"313":1,"314":1,"315":1,"316":1,"319":1,"320":2,"321":2,"322":2,"323":2,"327":1,"328":1,"329":2,"330":2,"331":2,"332":2,"336":1,"337":1,"338":2,"339":2,"341":1,"345":1,"346":1,"347":2,"348":2,"349":1,"350":1,"363":2,"364":2,"365":2,"366":2,"367":2,"368":2,"369":2,"370":2,"371":4,"372":4,"373":4,"374":2,"375":0,"376":0,"377":2,"378":2,"379":2,"380":2,"381":2,"384":2,"385":4,"386":4,"387":4,"390":2,"391":2,"392":4,"393":4,"394":4,"395":4,"396":4,"399":2,"400":2,"401":2,"402":2,"403":2,"404":2,"407":2,"408":2,"409":2,"410":2,"411":2,"423":2,"425":1,"426":1,"428":1,"430":1,"431":2,"432":2,"434":1,"435":1,"436":1,"437":1,"438":1,"439":1,"452":2,"453":3,"454":3,"455":3,"456":3,"457":3,"459":3,"460":6,"462":6,"464":12,"465":8,"466":8,"467":12,"468":4,"469":4,"470":4,"471":12,"474":12,"475":12,"476":12,"478":12,"480":0,"481":0,"482":0,"483":0,"485":0,"486":0,"487":0,"488":0,"489":0,"490":12,"491":6,"492":3,"493":3,"503":2,"504":0,"505":0,"506":0,"507":0,"508":0,"509":0,"510":0,"511":0,"512":0,"513":0,"514":0,"524":2,"525":4,"526":4,"527":4,"528":4,"529":4,"530":4,"531":6,"532":6,"533":6,"534":4,"535":4,"545":2,"546":1,"547":1,"548":2,"549":2,"550":1,"551":1,"562":2,"563":2,"564":2,"565":4,"566":256,"568":1024,"569":1024,"572":256,"573":256,"574":256,"575":256,"576":256,"577":256,"578":4,"579":2,"580":2,"591":2,"593":2,"594":2,"595":64,"596":512,"597":512,"598":64,"599":64,"600":64,"601":64,"602":64,"603":2,"604":2,"616":2,"617":1,"618":1,"619":2,"620":2,"621":1,"622":1,"623":2,"624":128,"625":128,"626":128,"627":128,"628":128,"629":128,"630":512,"631":512,"632":512,"633":512,"634":128,"635":2,"636":1,"637":1,"650":2,"651":1,"652":1,"653":128,"654":128,"655":128,"656":1,"657":1,"658":2,"667":3,"668":3,"669":3,"670":3,"671":3,"672":3,"673":3,"674":3,"682":2,"683":2,"684":2,"694":1,"695":1,"696":1,"697":1,"698":1,"699":1,"700":1,"709":12,"710":12,"711":12,"722":8,"723":8,"724":8,"725":8,"726":8,"728":8,"730":1024,"731":1024,"734":1024,"735":1024,"736":1024,"737":1024,"738":8,"739":8,"752":6,"753":6,"754":6,"755":768,"756":768,"757":768,"758":768,"759":768,"760":768,"761":768,"762":6,"763":6,"773":1,"774":1,"775":1,"776":1,"777":1,"778":32,"779":32,"780":256,"781":256,"782":256,"783":32,"784":1,"785":1,"796":2,"797":2,"798":2,"799":2,"800":64,"801":512,"802":512,"803":512,"804":64,"805":2,"806":2,"819":12,"820":12,"821":12,"822":12,"823":12,"824":12,"825":12,"826":12,"828":12,"830":1881,"831":1881,"834":1881,"837":1881,"839":1509,"841":1509,"842":1509,"843":1881,"844":1563,"845":1563,"846":1563,"847":1881,"848":12,"849":12,"861":6,"862":6,"863":6,"864":6,"865":6,"866":192,"867":192,"868":192,"869":192,"870":1536,"871":1536,"872":1536,"873":1536,"874":192,"875":6,"876":6,"887":10,"889":10,"891":70,"892":1270,"893":1270,"895":1270,"897":8960,"899":8960,"901":8960,"902":8960,"903":1270,"904":70,"905":10,"906":10,"917":28544,"918":28544,"919":28544,"929":24,"930":24,"931":6144,"932":6144,"933":24,"934":24,"946":12416,"947":12416,"948":12416,"949":12416,"950":12416,"951":12416,"961":29056,"962":29056,"963":29056,"964":29056,"965":29056,"966":29056,"967":29056,"978":2,"980":2,"981":2,"982":512,"983":512,"984":2,"985":2,"996":9,"997":9,"998":9,"999":9,"1000":9,"1001":9,"1002":9,"1003":9,"1004":9,"1005":9,"1006":9,"1007":9,"1018":18,"1019":18,"1020":18,"1021":18,"1022":18,"1023":18,"1024":1152,"1025":1152,"1026":1152,"1027":1152,"1028":1152,"1029":1152,"1030":1152,"1031":1152,"1032":1152,"1033":1152,"1034":1152,"1035":1152,"1036":1152,"1037":1152,"1038":1152,"1039":1152,"1040":1152,"1041":1152,"1042":1152,"1043":18,"1044":18,"1060":2304,"1061":2304,"1062":2304,"1063":2304,"1064":2304,"1065":2304,"1066":2304,"1067":2304,"1068":2304,"1069":2304,"1070":2304,"1071":2304,"1072":2304,"1073":2304,"1074":2304,"1084":19,"1085":19,"1086":19,"1087":4864,"1088":4864,"1089":19,"1090":19,"1101":1,"1102":1,"1103":256,"1104":256,"1105":1,"1106":1,"1118":7,"1119":7,"1120":7,"1121":49,"1122":889,"1123":889,"1124":889,"1125":6272,"1126":6272,"1127":6272,"1128":6272,"1129":6272,"1130":889,"1131":49,"1132":7,"1133":1792,"1134":1792,"1135":7,"1136":7,"1150":9,"1151":9,"1152":2304,"1156":2304,"1157":2304,"1158":9,"1159":9},"branchMap":{"0":{"type":"branch","line":62,"loc":{"start":{"line":62,"column":23},"end":{"line":659,"column":1}},"locations":[{"start":{"line":62,"column":23},"end":{"line":659,"column":1}}]},"1":{"type":"branch","line":77,"loc":{"start":{"line":77,"column":2},"end":{"line":77,"column":18}},"locations":[{"start":{"line":77,"column":2},"end":{"line":77,"column":18}}]},"2":{"type":"branch","line":99,"loc":{"start":{"line":99,"column":2},"end":{"line":109,"column":3}},"locations":[{"start":{"line":99,"column":2},"end":{"line":109,"column":3}}]},"3":{"type":"branch","line":106,"loc":{"start":{"line":106,"column":4},"end":{"line":108,"column":5}},"locations":[{"start":{"line":106,"column":4},"end":{"line":108,"column":5}}]},"4":{"type":"branch","line":172,"loc":{"start":{"line":172,"column":2},"end":{"line":190,"column":3}},"locations":[{"start":{"line":172,"column":2},"end":{"line":190,"column":3}}]},"5":{"type":"branch","line":180,"loc":{"start":{"line":180,"column":44},"end":{"line":182,"column":7}},"locations":[{"start":{"line":180,"column":44},"end":{"line":182,"column":7}}]},"6":{"type":"branch","line":187,"loc":{"start":{"line":187,"column":4},"end":{"line":189,"column":5}},"locations":[{"start":{"line":187,"column":4},"end":{"line":189,"column":5}}]},"7":{"type":"branch","line":217,"loc":{"start":{"line":217,"column":2},"end":{"line":248,"column":3}},"locations":[{"start":{"line":217,"column":2},"end":{"line":248,"column":3}}]},"8":{"type":"branch","line":222,"loc":{"start":{"line":222,"column":75},"end":{"line":224,"column":7}},"locations":[{"start":{"line":222,"column":75},"end":{"line":224,"column":7}}]},"9":{"type":"branch","line":226,"loc":{"start":{"line":226,"column":44},"end":{"line":228,"column":7}},"locations":[{"start":{"line":226,"column":44},"end":{"line":228,"column":7}}]},"10":{"type":"branch","line":244,"loc":{"start":{"line":244,"column":46},"end":{"line":244,"column":55}},"locations":[{"start":{"line":244,"column":46},"end":{"line":244,"column":55}}]},"11":{"type":"branch","line":245,"loc":{"start":{"line":245,"column":4},"end":{"line":247,"column":5}},"locations":[{"start":{"line":245,"column":4},"end":{"line":247,"column":5}}]},"12":{"type":"branch","line":255,"loc":{"start":{"line":255,"column":2},"end":{"line":260,"column":3}},"locations":[{"start":{"line":255,"column":2},"end":{"line":260,"column":3}}]},"13":{"type":"branch","line":256,"loc":{"start":{"line":256,"column":33},"end":{"line":258,"column":5}},"locations":[{"start":{"line":256,"column":33},"end":{"line":258,"column":5}}]},"14":{"type":"branch","line":258,"loc":{"start":{"line":258,"column":4},"end":{"line":259,"column":34}},"locations":[{"start":{"line":258,"column":4},"end":{"line":259,"column":34}}]},"15":{"type":"branch","line":271,"loc":{"start":{"line":271,"column":10},"end":{"line":281,"column":3}},"locations":[{"start":{"line":271,"column":10},"end":{"line":281,"column":3}}]},"16":{"type":"branch","line":276,"loc":{"start":{"line":276,"column":4},"end":{"line":280,"column":15}},"locations":[{"start":{"line":276,"column":4},"end":{"line":280,"column":15}}]},"17":{"type":"branch","line":289,"loc":{"start":{"line":289,"column":10},"end":{"line":302,"column":3}},"locations":[{"start":{"line":289,"column":10},"end":{"line":302,"column":3}}]},"18":{"type":"branch","line":313,"loc":{"start":{"line":313,"column":10},"end":{"line":351,"column":3}},"locations":[{"start":{"line":313,"column":10},"end":{"line":351,"column":3}}]},"19":{"type":"branch","line":320,"loc":{"start":{"line":320,"column":38},"end":{"line":324,"column":5}},"locations":[{"start":{"line":320,"column":38},"end":{"line":324,"column":5}}]},"20":{"type":"branch","line":329,"loc":{"start":{"line":329,"column":38},"end":{"line":333,"column":5}},"locations":[{"start":{"line":329,"column":38},"end":{"line":333,"column":5}}]},"21":{"type":"branch","line":338,"loc":{"start":{"line":338,"column":38},"end":{"line":340,"column":5}},"locations":[{"start":{"line":338,"column":38},"end":{"line":340,"column":5}}]},"22":{"type":"branch","line":347,"loc":{"start":{"line":347,"column":38},"end":{"line":349,"column":5}},"locations":[{"start":{"line":347,"column":38},"end":{"line":349,"column":5}}]},"23":{"type":"branch","line":364,"loc":{"start":{"line":364,"column":10},"end":{"line":412,"column":3}},"locations":[{"start":{"line":364,"column":10},"end":{"line":412,"column":3}}]},"24":{"type":"branch","line":371,"loc":{"start":{"line":371,"column":38},"end":{"line":374,"column":5}},"locations":[{"start":{"line":371,"column":38},"end":{"line":374,"column":5}}]},"25":{"type":"branch","line":375,"loc":{"start":{"line":375,"column":67},"end":{"line":377,"column":5}},"locations":[{"start":{"line":375,"column":67},"end":{"line":377,"column":5}}]},"26":{"type":"branch","line":385,"loc":{"start":{"line":385,"column":38},"end":{"line":388,"column":5}},"locations":[{"start":{"line":385,"column":38},"end":{"line":388,"column":5}}]},"27":{"type":"branch","line":392,"loc":{"start":{"line":392,"column":38},"end":{"line":397,"column":5}},"locations":[{"start":{"line":392,"column":38},"end":{"line":397,"column":5}}]},"28":{"type":"branch","line":424,"loc":{"start":{"line":424,"column":10},"end":{"line":440,"column":3}},"locations":[{"start":{"line":424,"column":10},"end":{"line":440,"column":3}}]},"29":{"type":"branch","line":431,"loc":{"start":{"line":431,"column":38},"end":{"line":433,"column":5}},"locations":[{"start":{"line":431,"column":38},"end":{"line":433,"column":5}}]},"30":{"type":"branch","line":453,"loc":{"start":{"line":453,"column":10},"end":{"line":494,"column":3}},"locations":[{"start":{"line":453,"column":10},"end":{"line":494,"column":3}}]},"31":{"type":"branch","line":460,"loc":{"start":{"line":460,"column":47},"end":{"line":492,"column":5}},"locations":[{"start":{"line":460,"column":47},"end":{"line":492,"column":5}}]},"32":{"type":"branch","line":463,"loc":{"start":{"line":463,"column":40},"end":{"line":491,"column":7}},"locations":[{"start":{"line":463,"column":40},"end":{"line":491,"column":7}}]},"33":{"type":"branch","line":465,"loc":{"start":{"line":465,"column":24},"end":{"line":468,"column":15}},"locations":[{"start":{"line":465,"column":24},"end":{"line":468,"column":15}}]},"34":{"type":"branch","line":468,"loc":{"start":{"line":468,"column":8},"end":{"line":471,"column":9}},"locations":[{"start":{"line":468,"column":8},"end":{"line":471,"column":9}}]},"35":{"type":"branch","line":479,"loc":{"start":{"line":479,"column":24},"end":{"line":490,"column":9}},"locations":[{"start":{"line":479,"column":24},"end":{"line":490,"column":9}}]},"36":{"type":"branch","line":525,"loc":{"start":{"line":525,"column":12},"end":{"line":536,"column":3}},"locations":[{"start":{"line":525,"column":12},"end":{"line":536,"column":3}}]},"37":{"type":"branch","line":531,"loc":{"start":{"line":531,"column":35},"end":{"line":534,"column":5}},"locations":[{"start":{"line":531,"column":35},"end":{"line":534,"column":5}}]},"38":{"type":"branch","line":546,"loc":{"start":{"line":546,"column":10},"end":{"line":552,"column":3}},"locations":[{"start":{"line":546,"column":10},"end":{"line":552,"column":3}}]},"39":{"type":"branch","line":548,"loc":{"start":{"line":548,"column":38},"end":{"line":550,"column":5}},"locations":[{"start":{"line":548,"column":38},"end":{"line":550,"column":5}}]},"40":{"type":"branch","line":563,"loc":{"start":{"line":563,"column":12},"end":{"line":581,"column":3}},"locations":[{"start":{"line":563,"column":12},"end":{"line":581,"column":3}}]},"41":{"type":"branch","line":565,"loc":{"start":{"line":565,"column":46},"end":{"line":579,"column":5}},"locations":[{"start":{"line":565,"column":46},"end":{"line":579,"column":5}}]},"42":{"type":"branch","line":566,"loc":{"start":{"line":566,"column":38},"end":{"line":578,"column":7}},"locations":[{"start":{"line":566,"column":38},"end":{"line":578,"column":7}}]},"43":{"type":"branch","line":567,"loc":{"start":{"line":567,"column":36},"end":{"line":570,"column":9}},"locations":[{"start":{"line":567,"column":36},"end":{"line":570,"column":9}}]},"44":{"type":"branch","line":592,"loc":{"start":{"line":592,"column":12},"end":{"line":605,"column":3}},"locations":[{"start":{"line":592,"column":12},"end":{"line":605,"column":3}}]},"45":{"type":"branch","line":595,"loc":{"start":{"line":595,"column":44},"end":{"line":603,"column":5}},"locations":[{"start":{"line":595,"column":44},"end":{"line":603,"column":5}}]},"46":{"type":"branch","line":596,"loc":{"start":{"line":596,"column":34},"end":{"line":598,"column":7}},"locations":[{"start":{"line":596,"column":34},"end":{"line":598,"column":7}}]},"47":{"type":"branch","line":617,"loc":{"start":{"line":617,"column":12},"end":{"line":638,"column":3}},"locations":[{"start":{"line":617,"column":12},"end":{"line":638,"column":3}}]},"48":{"type":"branch","line":619,"loc":{"start":{"line":619,"column":38},"end":{"line":621,"column":5}},"locations":[{"start":{"line":619,"column":38},"end":{"line":621,"column":5}}]},"49":{"type":"branch","line":623,"loc":{"start":{"line":623,"column":46},"end":{"line":636,"column":5}},"locations":[{"start":{"line":623,"column":46},"end":{"line":636,"column":5}}]},"50":{"type":"branch","line":624,"loc":{"start":{"line":624,"column":38},"end":{"line":635,"column":7}},"locations":[{"start":{"line":624,"column":38},"end":{"line":635,"column":7}}]},"51":{"type":"branch","line":630,"loc":{"start":{"line":630,"column":36},"end":{"line":634,"column":9}},"locations":[{"start":{"line":630,"column":36},"end":{"line":634,"column":9}}]},"52":{"type":"branch","line":651,"loc":{"start":{"line":651,"column":12},"end":{"line":658,"column":3}},"locations":[{"start":{"line":651,"column":12},"end":{"line":658,"column":3}}]},"53":{"type":"branch","line":653,"loc":{"start":{"line":653,"column":50},"end":{"line":656,"column":5}},"locations":[{"start":{"line":653,"column":50},"end":{"line":656,"column":5}}]},"54":{"type":"branch","line":668,"loc":{"start":{"line":668,"column":0},"end":{"line":675,"column":1}},"locations":[{"start":{"line":668,"column":0},"end":{"line":675,"column":1}}]},"55":{"type":"branch","line":683,"loc":{"start":{"line":683,"column":0},"end":{"line":685,"column":1}},"locations":[{"start":{"line":683,"column":0},"end":{"line":685,"column":1}}]},"56":{"type":"branch","line":695,"loc":{"start":{"line":695,"column":0},"end":{"line":701,"column":1}},"locations":[{"start":{"line":695,"column":0},"end":{"line":701,"column":1}}]},"57":{"type":"branch","line":710,"loc":{"start":{"line":710,"column":0},"end":{"line":712,"column":1}},"locations":[{"start":{"line":710,"column":0},"end":{"line":712,"column":1}}]},"58":{"type":"branch","line":723,"loc":{"start":{"line":723,"column":0},"end":{"line":740,"column":1}},"locations":[{"start":{"line":723,"column":0},"end":{"line":740,"column":1}}]},"59":{"type":"branch","line":729,"loc":{"start":{"line":729,"column":34},"end":{"line":738,"column":3}},"locations":[{"start":{"line":729,"column":34},"end":{"line":738,"column":3}}]},"60":{"type":"branch","line":753,"loc":{"start":{"line":753,"column":0},"end":{"line":764,"column":1}},"locations":[{"start":{"line":753,"column":0},"end":{"line":764,"column":1}}]},"61":{"type":"branch","line":755,"loc":{"start":{"line":755,"column":34},"end":{"line":762,"column":3}},"locations":[{"start":{"line":755,"column":34},"end":{"line":762,"column":3}}]},"62":{"type":"branch","line":774,"loc":{"start":{"line":774,"column":0},"end":{"line":786,"column":1}},"locations":[{"start":{"line":774,"column":0},"end":{"line":786,"column":1}}]},"63":{"type":"branch","line":778,"loc":{"start":{"line":778,"column":34},"end":{"line":784,"column":3}},"locations":[{"start":{"line":778,"column":34},"end":{"line":784,"column":3}}]},"64":{"type":"branch","line":780,"loc":{"start":{"line":780,"column":32},"end":{"line":783,"column":5}},"locations":[{"start":{"line":780,"column":32},"end":{"line":783,"column":5}}]},"65":{"type":"branch","line":797,"loc":{"start":{"line":797,"column":0},"end":{"line":807,"column":1}},"locations":[{"start":{"line":797,"column":0},"end":{"line":807,"column":1}}]},"66":{"type":"branch","line":800,"loc":{"start":{"line":800,"column":34},"end":{"line":805,"column":3}},"locations":[{"start":{"line":800,"column":34},"end":{"line":805,"column":3}}]},"67":{"type":"branch","line":801,"loc":{"start":{"line":801,"column":32},"end":{"line":804,"column":5}},"locations":[{"start":{"line":801,"column":32},"end":{"line":804,"column":5}}]},"68":{"type":"branch","line":820,"loc":{"start":{"line":820,"column":0},"end":{"line":850,"column":1}},"locations":[{"start":{"line":820,"column":0},"end":{"line":850,"column":1}}]},"69":{"type":"branch","line":829,"loc":{"start":{"line":829,"column":26},"end":{"line":829,"column":52}},"locations":[{"start":{"line":829,"column":26},"end":{"line":829,"column":52}}]},"70":{"type":"branch","line":829,"loc":{"start":{"line":829,"column":52},"end":{"line":848,"column":3}},"locations":[{"start":{"line":829,"column":52},"end":{"line":848,"column":3}}]},"71":{"type":"branch","line":838,"loc":{"start":{"line":838,"column":18},"end":{"line":843,"column":5}},"locations":[{"start":{"line":838,"column":18},"end":{"line":843,"column":5}}]},"72":{"type":"branch","line":844,"loc":{"start":{"line":844,"column":14},"end":{"line":844,"column":31}},"locations":[{"start":{"line":844,"column":14},"end":{"line":844,"column":31}}]},"73":{"type":"branch","line":844,"loc":{"start":{"line":844,"column":31},"end":{"line":847,"column":5}},"locations":[{"start":{"line":844,"column":31},"end":{"line":847,"column":5}}]},"74":{"type":"branch","line":862,"loc":{"start":{"line":862,"column":0},"end":{"line":877,"column":1}},"locations":[{"start":{"line":862,"column":0},"end":{"line":877,"column":1}}]},"75":{"type":"branch","line":866,"loc":{"start":{"line":8
[...]
ne":552,"column":3}},"loc":{"start":{"line":546,"column":10},"end":{"line":552,"column":3}},"line":546},"16":{"name":"_compressU","decl":{"start":{"line":563,"column":12},"end":{"line":581,"column":3}},"loc":{"start":{"line":563,"column":12},"end":{"line":581,"column":3}},"line":563},"17":{"name":"_compressV","decl":{"start":{"line":592,"column":12},"end":{"line":605,"column":3}},"loc":{"start":{"line":592,"column":12},"end":{"line":605,"column":3}},"line":592},"18":{"name":"_decompressU","decl":{"start":{"line":617,"column":12},"end":{"line":638,"column":3}},"loc":{"start":{"line":617,"column":12},"end":{"line":638,"column":3}},"line":617},"19":{"name":"_decompressV","decl":{"start":{"line":651,"column":12},"end":{"line":658,"column":3}},"loc":{"start":{"line":651,"column":12},"end":{"line":658,"column":3}},"line":651},"20":{"name":"g","decl":{"start":{"line":668,"column":0},"end":{"line":675,"column":1}},"loc":{"start":{"line":668,"column":0},"end":{"line":675,"column":1}},"line":668},"21":{"name":"h","decl":{"start":{"line":683,"column":0},"end":{"line":685,"column":1}},"loc":{"start":{"line":683,"column":0},"end":{"line":685,"column":1}},"line":683},"22":{"name":"kdf","decl":{"start":{"line":695,"column":0},"end":{"line":701,"column":1}},"loc":{"start":{"line":695,"column":0},"end":{"line":701,"column":1}},"line":695},"23":{"name":"xof","decl":{"start":{"line":710,"column":0},"end":{"line":712,"column":1}},"loc":{"start":{"line":710,"column":0},"end":{"line":712,"column":1}},"line":710},"24":{"name":"polyToBytes","decl":{"start":{"line":723,"column":0},"end":{"line":740,"column":1}},"loc":{"start":{"line":723,"column":0},"end":{"line":740,"column":1}},"line":723},"25":{"name":"polyFromBytes","decl":{"start":{"line":753,"column":0},"end":{"line":764,"column":1}},"loc":{"start":{"line":753,"column":0},"end":{"line":764,"column":1}},"line":753},"26":{"name":"polyToMsg","decl":{"start":{"line":774,"column":0},"end":{"line":786,"column":1}},"loc":{"start":{"line":774,"column":0},"end":{"line":786,"column":1}},"line":774},"27":{"name":"polyFromMsg","decl":{"start":{"line":797,"column":0},"end":{"line":807,"column":1}},"loc":{"start":{"line":797,"column":0},"end":{"line":807,"column":1}},"line":797},"28":{"name":"indcpaRejUniform","decl":{"start":{"line":820,"column":0},"end":{"line":850,"column":1}},"loc":{"start":{"line":820,"column":0},"end":{"line":850,"column":1}},"line":820},"29":{"name":"byteopsCbd","decl":{"start":{"line":862,"column":0},"end":{"line":877,"column":1}},"loc":{"start":{"line":862,"column":0},"end":{"line":877,"column":1}},"line":862},"30":{"name":"ntt","decl":{"start":{"line":888,"column":0},"end":{"line":907,"column":1}},"loc":{"start":{"line":888,"column":0},"end":{"line":907,"column":1}},"line":888},"31":{"name":"nttFqMul","decl":{"start":{"line":918,"column":0},"end":{"line":920,"column":1}},"loc":{"start":{"line":918,"column":0},"end":{"line":920,"column":1}},"line":918},"32":{"name":"reduce","decl":{"start":{"line":930,"column":0},"end":{"line":935,"column":1}},"loc":{"start":{"line":930,"column":0},"end":{"line":935,"column":1}},"line":930},"33":{"name":"barrett","decl":{"start":{"line":947,"column":0},"end":{"line":952,"column":1}},"loc":{"start":{"line":947,"column":0},"end":{"line":952,"column":1}},"line":947},"34":{"name":"byteopsMontgomeryReduce","decl":{"start":{"line":962,"column":0},"end":{"line":968,"column":1}},"loc":{"start":{"line":962,"column":0},"end":{"line":968,"column":1}},"line":962},"35":{"name":"polyToMont","decl":{"start":{"line":979,"column":0},"end":{"line":986,"column":1}},"loc":{"start":{"line":979,"column":0},"end":{"line":986,"column":1}},"line":979},"36":{"name":"multiply","decl":{"start":{"line":997,"column":0},"end":{"line":1008,"column":1}},"loc":{"start":{"line":997,"column":0},"end":{"line":1008,"column":1}},"line":997},"37":{"name":"polyBaseMulMontgomery","decl":{"start":{"line":1019,"column":0},"end":{"line":1045,"column":1}},"loc":{"start":{"line":1019,"column":0},"end":{"line":1045,"column":1}},"line":1019},"38":{"name":"nttBaseMul","decl":{"start":{"line":1061,"column":0},"end":{"line":1075,"column":1}},"loc":{"start":{"line":1061,"column":0},"end":{"line":1075,"column":1}},"line":1061},"39":{"name":"add","decl":{"start":{"line":1085,"column":0},"end":{"line":1091,"column":1}},"loc":{"start":{"line":1085,"column":0},"end":{"line":1091,"column":1}},"line":1085},"40":{"name":"subtract","decl":{"start":{"line":1102,"column":0},"end":{"line":1107,"column":1}},"loc":{"start":{"line":1102,"column":0},"end":{"line":1107,"column":1}},"line":1102},"41":{"name":"nttInverse","decl":{"start":{"line":1119,"column":0},"end":{"line":1137,"column":1}},"loc":{"start":{"line":1119,"column":0},"end":{"line":1137,"column":1}},"line":1119},"42":{"name":"subtractQ","decl":{"start":{"line":1151,"column":0},"end":{"line":1160,"column":1}},"loc":{"start":{"line":1151,"column":0},"end":{"line":1160,"column":1}},"line":1151}},"f":{"0":2,"1":2,"2":1,"3":0,"4":1,"5":1,"6":3,"7":1,"8":1,"9":1,"10":2,"11":1,"12":3,"13":0,"14":4,"15":1,"16":2,"17":2,"18":1,"19":1,"20":3,"21":2,"22":1,"23":12,"24":8,"25":6,"26":1,"27":2,"28":12,"29":6,"30":10,"31":28544,"32":24,"33":12416,"34":29056,"35":2,"36":9,"37":18,"38":2304,"39":19,"40":1,"41":7,"42":9}}
,"/Users/am/npm_packages/crystals-kyber-rustykey/src/mlKem/utils.ts": {"path":"/Users/am/npm_packages/crystals-kyber-rustykey/src/mlKem/utils.ts","all":false,"statementMap":{"0":{"start":{"line":1,"column":0},"end":{"line":1,"column":39}},"8":{"start":{"line":9,"column":0},"end":{"line":9,"column":41}},"9":{"start":{"line":10,"column":0},"end":{"line":10,"column":16}},"10":{"start":{"line":11,"column":0},"end":{"line":11,"column":1}},"12":{"start":{"line":13,"column":0},"end":{"line":13,"column":42}},"13":{"start":{"line":14,"column":0},"end":{"line":14,"column":20}},"14":{"start":{"line":15,"column":0},"end":{"line":15,"column":21}},"16":{"start":{"line":17,"column":0},"end":{"line":17,"column":31}},"17":{"start":{"line":18,"column":0},"end":{"line":18,"column":12}},"18":{"start":{"line":19,"column":0},"end":{"line":19,"column":3}},"19":{"start":{"line":20,"column":0},"end":{"line":20,"column":16}},"20":{"start":{"line":21,"column":0},"end":{"line":21,"column":17}},"21":{"start":{"line":22,"column":0},"end":{"line":22,"column":17}},"22":{"start":{"line":23,"column":0},"end":{"line":23,"column":20}},"23":{"start":{"line":24,"column":0},"end":{"line":24,"column":3}},"25":{"start":{"line":26,"column":0},"end":{"line":26,"column":15}},"26":{"start":{"line":27,"column":0},"end":{"line":27,"column":15}},"27":{"start":{"line":28,"column":0},"end":{"line":28,"column":16}},"28":{"start":{"line":29,"column":0},"end":{"line":29,"column":1}},"30":{"start":{"line":31,"column":0},"end":{"line":31,"column":43}},"31":{"start":{"line":32,"column":0},"end":{"line":32,"column":18}},"32":{"start":{"line":33,"column":0},"end":{"line":33,"column":1}},"34":{"start":{"line":35,"column":0},"end":{"line":35,"column":42}},"35":{"start":{"line":36,"column":0},"end":{"line":36,"column":25}},"36":{"start":{"line":37,"column":0},"end":{"line":37,"column":26}},"38":{"start":{"line":39,"column":0},"end":{"line":39,"column":31}},"39":{"start":{"line":40,"column":0},"end":{"line":40,"column":12}},"40":{"start":{"line":41,"column":0},"end":{"line":41,"column":3}},"41":{"start":{"line":42,"column":0},"end":{"line":42,"column":16}},"42":{"start":{"line":43,"column":0},"end":{"line":43,"column":22}},"43":{"start":{"line":44,"column":0},"end":{"line":44,"column":22}},"44":{"start":{"line":45,"column":0},"end":{"line":45,"column":20}},"45":{"start":{"line":46,"column":0},"end":{"line":46,"column":3}},"47":{"start":{"line":48,"column":0},"end":{"line":48,"column":20}},"48":{"start":{"line":49,"column":0},"end":{"line":49,"column":20}},"49":{"start":{"line":50,"column":0},"end":{"line":50,"column":16}},"50":{"start":{"line":51,"column":0},"end":{"line":51,"column":1}},"54":{"start":{"line":55,"column":0},"end":{"line":55,"column":43}},"55":{"start":{"line":56,"column":0},"end":{"line":56,"column":23}},"56":{"start":{"line":57,"column":0},"end":{"line":57,"column":1}},"62":{"start":{"line":63,"column":0},"end":{"line":63,"column":58}},"64":{"start":{"line":65,"column":0},"end":{"line":65,"column":46}},"65":{"start":{"line":66,"column":0},"end":{"line":66,"column":1}},"66":{"start":{"line":67,"column":0},"end":{"line":67,"column":75}},"67":{"start":{"line":68,"column":0},"end":{"line":68,"column":89}},"68":{"start":{"line":69,"column":0},"end":{"line":69,"column":12}},"69":{"start":{"line":70,"column":0},"end":{"line":70,"column":3}},"70":{"start":{"line":71,"column":0},"end":{"line":71,"column":32}},"72":{"start":{"line":73,"column":0},"end":{"line":73,"column":31}},"74":{"start":{"line":75,"column":0},"end":{"line":75,"column":40}},"75":{"start":{"line":76,"column":0},"end":{"line":76,"column":43}},"76":{"start":{"line":77,"column":0},"end":{"line":77,"column":5}},"78":{"start":{"line":79,"column":0},"end":{"line":79,"column":25}},"79":{"start":{"line":80,"column":0},"end":{"line":80,"column":21}},"80":{"start":{"line":81,"column":0},"end":{"line":81,"column":21}},"81":{"start":{"line":82,"column":0},"end":{"line":82,"column":21}},"82":{"start":{"line":83,"column":0},"end":{"line":83,"column":15}},"86":{"start":{"line":87,"column":0},"end":{"line":87,"column":1}},"88":{"start":{"line":89,"column":0},"end":{"line":89,"column":63}},"89":{"start":{"line":90,"column":0},"end":{"line":90,"column":29}},"90":{"start":{"line":91,"column":0},"end":{"line":91,"column":16}},"91":{"start":{"line":92,"column":0},"end":{"line":92,"column":3}},"92":{"start":{"line":93,"column":0},"end":{"line":93,"column":38}},"93":{"start":{"line":94,"column":0},"end":{"line":94,"column":24}},"94":{"start":{"line":95,"column":0},"end":{"line":95,"column":18}},"95":{"start":{"line":96,"column":0},"end":{"line":96,"column":5}},"96":{"start":{"line":97,"column":0},"end":{"line":97,"column":3}},"97":{"start":{"line":98,"column":0},"end":{"line":98,"column":13}},"98":{"start":{"line":99,"column":0},"end":{"line":99,"column":1}},"100":{"start":{"line":101,"column":0},"end":{"line":101,"column":63}},"101":{"start":{"line":102,"column":0},"end":{"line":102,"column":77}},"103":{"start":{"line":104,"column":0},"end":{"line":104,"column":48}},"104":{"start":{"line":105,"column":0},"end":{"line":105,"column":10}},"105":{"start":{"line":106,"column":0},"end":{"line":106,"column":52}},"106":{"start":{"line":107,"column":0},"end":{"line":107,"column":3}},"110":{"start":{"line":111,"column":0},"end":{"line":111,"column":1}},"133":{"start":{"line":134,"column":0},"end":{"line":134,"column":79}},"134":{"start":{"line":135,"column":0},"end":{"line":135,"column":17}},"135":{"start":{"line":136,"column":0},"end":{"line":136,"column":27}},"136":{"start":{"line":137,"column":0},"end":{"line":137,"column":17}},"137":{"start":{"line":138,"column":0},"end":{"line":138,"column":36}},"138":{"start":{"line":139,"column":0},"end":{"line":139,"column":13}},"139":{"start":{"line":140,"column":0},"end":{"line":140,"column":1}},"142":{"start":{"line":143,"column":0},"end":{"line":143,"column":54}},"144":{"start":{"line":145,"column":0},"end":{"line":145,"column":24}},"145":{"start":{"line":146,"column":0},"end":{"line":146,"column":26}},"146":{"start":{"line":147,"column":0},"end":{"line":147,"column":27}},"147":{"start":{"line":148,"column":0},"end":{"line":148,"column":12}},"150":{"start":{"line":151,"column":0},"end":{"line":151,"column":1}},"154":{"start":{"line":155,"column":0},"end":{"line":155,"column":54}},"156":{"start":{"line":157,"column":0},"end":{"line":157,"column":24}},"157":{"start":{"line":158,"column":0},"end":{"line":158,"column":26}},"158":{"start":{"line":159,"column":0},"end":{"line":159,"column":27}},"159":{"start":{"line":160,"column":0},"end":{"line":160,"column":27}},"160":{"start":{"line":161,"column":0},"end":{"line":161,"column":20}},"163":{"start":{"line":164,"column":0},"end":{"line":164,"column":1}}},"s":{"0":1,"8":1,"9":6144,"10":6144,"12":1,"13":68608,"14":68608,"16":68608,"17":40030,"18":40030,"19":68608,"20":8743,"21":8743,"22":8743,"23":8743,"25":19835,"26":19835,"27":19835,"28":19835,"30":1,"31":14948,"32":14948,"34":1,"35":30080,"36":30080,"38":30080,"39":30080,"40":30080,"41":0,"42":0,"43":0,"44":0,"45":0,"47":0,"48":0,"49":0,"50":0,"54":1,"55":3520,"56":3520,"62":1,"64":1,"65":1,"66":1,"67":1,"68":1,"69":1,"70":0,"72":0,"74":0,"75":0,"76":0,"78":0,"79":0,"80":0,"81":0,"82":0,"86":0,"88":1,"89":2,"90":0,"91":0,"92":2,"93":1536,"94":0,"95":0,"96":1536,"97":2,"98":2,"100":2,"101":2,"103":2,"104":2,"105":0,"106":0,"110":2,"133":1,"134":14,"135":14,"136":14,"137":14,"138":14,"139":14,"142":1,"144":512,"145":512,"146":512,"147":512,"150":512,"154":1,"156":192,"157":192,"158":192,"159":192,"160":192,"163":192},"branchMap":{"0":{"type":"branch","line":9,"loc":{"start":{"line":9,"column":7},"end":{"line":11,"column":1}},"locations":[{"start":{"line":9,"column":7},"end":{"line":11,"column":1}}]},"1":{"type":"branch","line":13,"loc":{"start":{"line":13,"column":7},"end":{"line":29,"column":1}},"locations":[{"start":{"line":13,"column":7},"end":{"line":29,"column":1}}]},"2":{"type":"branch","line":17,"loc":{"start":{"line":17,"column":11},"end":{"line":17,"column":30}},"locations":[{"start":{"line":17,"column":11},"end":{"line":17,"column":30}}]},"3":{"type":"branch","line":17,"loc":{"start":{"line":17,"column":30},"end":{"line":19,"column":3}},"locations":[{"start":{"line":17,"column":30},"end":{"line":19,"column":3}}]},"4":{"type":"branch","line":19,"loc":{"start":{"line":19,"column":2},"end":{"line":20,"column":15}},"locations":[{"start":{"line":19,"column":2},"end":{"line":20,"column":15}}]},"5":{"type":"branch","line":20,"loc":{"start":{"line":20,"column":15},"end":{"line":24,"column":3}},"locations":[{"start":{"line":20,"column":15},"end":{"line":24,"column":3}}]},"6":{"type":"branch","line":24,"loc":{"start":{"line":24,"column":2},"end":{"line":29,"column":1}},"locations":[{"start":{"line":24,"column":2},"end":{"line":29,"column":1}}]},"7":{"type":"branch","line":31,"loc":{"start":{"line":31,"column":7},"end":{"line":33,"column":1}},"locations":[{"start":{"line":31,"column":7},"end":{"line":33,"column":1}}]},"8":{"type":"branch","line":35,"loc":{"start":{"line":35,"column":7},"end":{"line":51,"column":1}},"locations":[{"start":{"line":35,"column":7},"end":{"line":51,"column":1}}]},"9":{"type":"branch","line":41,"loc":{"start":{"line":41,"column":2},"end":{"line":51,"column":1}},"locations":[{"start":{"line":41,"column":2},"end":{"line":51,"column":1}}]},"10":{"type":"branch","line":55,"loc":{"start":{"line":55,"column":7},"end":{"line":57,"column":1}},"locations":[{"start":{"line":55,"column":7},"end":{"line":57,"column":1}}]},"11":{"type":"branch","line":63,"loc":{"start":{"line":63,"column":0},"end":{"line":66,"column":1}},"locations":[{"start":{"line":63,"column":0},"end":{"line":66,"column":1}}]},"12":{"type":"branch","line":65,"loc":{"start":{"line":65,"column":26},"end":{"line":65,"column":46}},"locations":[{"start":{"line":65,"column":26},"end":{"line":65,"column":46}}]},"13":{"type":"branch","line":67,"loc":{"start":{"line":67,"column":7},"end":{"line":87,"column":1}},"locations":[{"start":{"line":67,"column":7},"end":{"line":87,"column":1}}]},"14":{"type":"branch","line":68,"loc":{"start":{"line":68,"column":30},"end":{"line":68,"column":65}},"locations":[{"start":{"line":68,"column":30},"end":{"line":68,"column":65}}]},"15":{"type":"branch","line":68,"loc":{"start":{"line":68,"column":59},"end":{"line":68,"column":88}},"locations":[{"start":{"line":68,"column":59},"end":{"line":68,"column":88}}]},"16":{"type":"branch","line":70,"loc":{"start":{"line":70,"column":2},"end":{"line":87,"column":1}},"locations":[{"start":{"line":70,"column":2},"end":{"line":87,"column":1}}]},"17":{"type":"branch","line":89,"loc":{"start":{"line":89,"column":7},"end":{"line":99,"column":1}},"locations":[{"start":{"line":89,"column":7},"end":{"line":99,"column":1}}]},"18":{"type":"branch","line":90,"loc":{"start":{"line":90,"column":28},"end":{"line":92,"column":3}},"locations":[{"start":{"line":90,"column":28},"end":{"line":92,"column":3}}]},"19":{"type":"branch","line":93,"loc":{"start":{"line":93,"column":37},"end":{"line":97,"column":3}},"locations":[{"start":{"line":93,"column":37},"end":{"line":97,"column":3}}]},"20":{"type":"branch","line":94,"loc":{"start":{"line":94,"column":23},"end":{"line":96,"column":5}},"locations":[{"start":{"line":94,"column":23},"end":{"line":96,"column":5}}]},"21":{"type":"branch","line":101,"loc":{"start":{"line":101,"column":0},"end":{"line":111,"column":1}},"locations":[{"start":{"line":101,"column":0},"end":{"line":111,"column":1}}]},"22":{"type":"branch","line":105,"loc":{"start":{"line":105,"column":2},"end":{"line":107,"column":3}},"locations":[{"start":{"line":105,"column":2},"end":{"line":107,"column":3}}]},"23":{"type":"branch","line":134,"loc":{"start":{"line":134,"column":7},"end":{"line":140,"column":1}},"locations":[{"start":{"line":134,"column":7},"end":{"line":140,"column":1}}]},"24":{"type":"branch","line":143,"loc":{"start":{"line":143,"column":7},"end":{"line":151,"column":1}},"locations":[{"start":{"line":143,"column":7},"end":{"line":151,"column":1}}]},"25":{"type":"branch","line":155,"loc":{"start":{"line":155,"column":7},"end":{"line":164,"column":1}},"locations":[{"start":{"line":155,"column":7},"end":{"line":164,"column":1}}]}},"b":{"0":[6144],"1":[68608],"2":[59865],"3":[40030],"4":[28578],"5":[8743],"6":[19835],"7":[14948],"8":[30080],"9":[0],"10":[3520],"11":[1],"12":[0],"13":[1],"14":[0],"15":[0],"16":[0],"17":[2],"18":[0],"19":[1536],"20":[0],"21":[2],"22":[0],"23":[14],"24":[512],"25":[192]},"fnMap":{"0":{"name":"byte","decl":{"start":{"line":9,"column":7},"end":{"line":11,"column":1}},"loc":{"start":{"line":9,"column":7},"end":{"line":11,"column":1}},"line":9},"1":{"name":"int16","decl":{"start":{"line":13,"column":7},"end":{"line":29,"column":1}},"loc":{"start":{"line":13,"column":7},"end":{"line":29,"column":1}},"line":13},"2":{"name":"uint16","decl":{"start":{"line":31,"column":7},"end":{"line":33,"column":1}},"loc":{"start":{"line":31,"column":7},"end":{"line":33,"column":1}},"line":31},"3":{"name":"int32","decl":{"start":{"line":35,"column":7},"end":{"line":51,"column":1}},"loc":{"start":{"line":35,"column":7},"end":{"line":51,"column":1}},"line":35},"4":{"name":"uint32","decl":{"start":{"line":55,"column":7},"end":{"line":57,"column":1}},"loc":{"start":{"line":55,"column":7},"end":{"line":57,"column":1}},"line":55},"5":{"name":"checkUint8ArrayExists","decl":{"start":{"line":63,"column":0},"end":{"line":66,"column":1}},"loc":{"start":{"line":63,"column":0},"end":{"line":66,"column":1}},"line":63},"6":{"name":"constantTimeCompare","decl":{"start":{"line":67,"column":7},"end":{"line":87,"column":1}},"loc":{"start":{"line":67,"column":7},"end":{"line":87,"column":1}},"line":67},"7":{"name":"equalUint8Array","decl":{"start":{"line":89,"column":7},"end":{"line":99,"column":1}},"loc":{"start":{"line":89,"column":7},"end":{"line":99,"column":1}},"line":89},"8":{"name":"loadCrypto","decl":{"start":{"line":101,"column":0},"end":{"line":111,"column":1}},"loc":{"start":{"line":101,"column":0},"end":{"line":111,"column":1}},"line":101},"9":{"name":"prf","decl":{"start":{"line":134,"column":7},"end":{"line":140,"column":1}},"loc":{"start":{"line":134,"column":7},"end":{"line":140,"column":1}},"line":134},"10":{"name":"byteopsLoad24","decl":{"start":{"line":143,"column":7},"end":{"line":151,"column":1}},"loc":{"start":{"line":143,"column":7},"end":{"line":151,"column":1}},"line":143},"11":{"name":"byteopsLoad32","decl":{"start":{"line":155,"column":7},"end":{"line":164,"column":1}},"loc":{"start":{"line":155,"column":7},"end":{"line":164,"column":1}},"line":155}},"f":{"0":6144,"1":68608,"2":14948,"3":30080,"4":3520,"5":1,"6":1,"7":2,"8":2,"9":14,"10":512,"11":192}}
}
